"../../../Engine/Content/EditorResources/S_Actor.ubulk" 0
"../../../Engine/Content/EditorResources/S_Actor.uasset" 1
"../../../Engine/Content/EditorResources/S_Actor.uexp" 2
"../../../Engine/Content/EditorResources/S_BoxReflectionCapture.uasset" 3
"../../../Engine/Content/EditorResources/S_BoxReflectionCapture.uexp" 4
"../../../Engine/Content/EngineResources/DefaultTexture.ubulk" 5
"../../../Engine/Content/EngineResources/DefaultTexture.uasset" 6
"../../../Engine/Content/EngineResources/DefaultTexture.uexp" 7
"../../../Engine/Content/EngineResources/DefaultTextureCube.uasset" 8
"../../../Engine/Content/EngineResources/DefaultTextureCube.uexp" 9
"../../../Engine/Content/EngineResources/DefaultVolumeTexture2D.uasset" 10
"../../../Engine/Content/EngineResources/DefaultVolumeTexture2D.uexp" 11
"../../../Engine/Content/EngineResources/DefaultVolumeTexture.uasset" 12
"../../../Engine/Content/EngineResources/DefaultVolumeTexture.uexp" 13
"../../../Engine/Content/EditorResources/S_Trigger.ubulk" 14
"../../../Engine/Content/EditorResources/S_Trigger.uasset" 15
"../../../Engine/Content/EditorResources/S_Trigger.uexp" 16
"../../../Engine/Content/EditorResources/S_TriggerBox.uasset" 17
"../../../Engine/Content/EditorResources/S_TriggerBox.uexp" 18
"../../../Engine/Content/EditorResources/S_TriggerCapsule.uasset" 19
"../../../Engine/Content/EditorResources/S_TriggerCapsule.uexp" 20
"../../../Engine/Content/EditorResources/S_TriggerSphere.uasset" 21
"../../../Engine/Content/EditorResources/S_TriggerSphere.uexp" 22
"../../../Engine/Content/EngineMeshes/Sphere.ubulk" 23
"../../../Engine/Content/EngineMeshes/Sphere.uasset" 24
"../../../Engine/Content/EngineMeshes/Sphere.uexp" 25
"../../../Engine/Content/EngineResources/GradientTexture0.uasset" 26
"../../../Engine/Content/EngineResources/GradientTexture0.uexp" 27
"../../../Engine/Content/EngineResources/Black.uasset" 28
"../../../Engine/Content/EngineResources/Black.uexp" 29
"../../../Engine/Content/VREditor/LaserPointer/VR_LaserPower_01.ubulk" 30
"../../../Engine/Content/VREditor/LaserPointer/VR_LaserPower_01.uasset" 31
"../../../Engine/Content/VREditor/LaserPointer/VR_LaserPower_01.uexp" 32
"../../../Engine/Content/VREditor/TransformGizmo/TransformGizmoMaterial.uasset" 33
"../../../Engine/Content/VREditor/TransformGizmo/TransformGizmoMaterial.uexp" 34
"../../../Engine/Content/VREditor/TransformGizmo/TranslucentTransformGizmoMaterial.uasset" 35
"../../../Engine/Content/VREditor/TransformGizmo/TranslucentTransformGizmoMaterial.uexp" 36
"../../../Engine/Content/VREditor/TransformGizmo/PlaneTranslationHandle.ubulk" 37
"../../../Engine/Content/VREditor/TransformGizmo/PlaneTranslationHandle.uasset" 38
"../../../Engine/Content/VREditor/TransformGizmo/PlaneTranslationHandle.uexp" 39
"../../../Engine/Content/VREditor/TransformGizmo/BoundingBoxCorner.ubulk" 40
"../../../Engine/Content/VREditor/TransformGizmo/BoundingBoxCorner.uasset" 41
"../../../Engine/Content/VREditor/TransformGizmo/BoundingBoxCorner.uexp" 42
"../../../Engine/Content/VREditor/TransformGizmo/BoundingBoxEdge.ubulk" 43
"../../../Engine/Content/VREditor/TransformGizmo/BoundingBoxEdge.uasset" 44
"../../../Engine/Content/VREditor/TransformGizmo/BoundingBoxEdge.uexp" 45
"../../../Engine/Content/VREditor/TransformGizmo/Main.uasset" 46
"../../../Engine/Content/VREditor/TransformGizmo/Main.uexp" 47
"../../../Engine/Content/VREditor/TransformGizmo/Xray.uasset" 48
"../../../Engine/Content/VREditor/TransformGizmo/Xray.uexp" 49
"../../../Engine/Content/VREditor/TransformGizmo/SM_Sequencer_Node.ubulk" 50
"../../../Engine/Content/VREditor/TransformGizmo/SM_Sequencer_Node.uasset" 51
"../../../Engine/Content/VREditor/TransformGizmo/SM_Sequencer_Node.uexp" 52
"../../../Engine/Content/EditorMaterials/Camera/CineMat.uasset" 53
"../../../Engine/Content/EditorMaterials/Camera/CineMat.uexp" 54
"../../../Engine/Content/EditorMaterials/Camera/MI_CineMat_Rig.uasset" 55
"../../../Engine/Content/EditorMaterials/Camera/MI_CineMat_Rig.uexp" 56
"../../../Engine/Content/EditorMeshes/Camera/SM_CraneRig_Base.ubulk" 57
"../../../Engine/Content/EditorMeshes/Camera/SM_CraneRig_Base.uasset" 58
"../../../Engine/Content/EditorMeshes/Camera/SM_CraneRig_Base.uexp" 59
"../../../Engine/Content/EditorMeshes/Camera/SM_CraneRig_Arm.ubulk" 60
"../../../Engine/Content/EditorMeshes/Camera/SM_CraneRig_Arm.uasset" 61
"../../../Engine/Content/EditorMeshes/Camera/SM_CraneRig_Arm.uexp" 62
"../../../Engine/Content/EditorMeshes/Camera/SM_CraneRig_Mount.ubulk" 63
"../../../Engine/Content/EditorMeshes/Camera/SM_CraneRig_Mount.uasset" 64
"../../../Engine/Content/EditorMeshes/Camera/SM_CraneRig_Mount.uexp" 65
"../../../Engine/Content/EditorMeshes/Camera/SM_CraneRig_Body.ubulk" 66
"../../../Engine/Content/EditorMeshes/Camera/SM_CraneRig_Body.uasset" 67
"../../../Engine/Content/EditorMeshes/Camera/SM_CraneRig_Body.uexp" 68
"../../../Engine/Content/EditorMeshes/Camera/SM_RailRig_Track.ubulk" 69
"../../../Engine/Content/EditorMeshes/Camera/SM_RailRig_Track.uasset" 70
"../../../Engine/Content/EditorMeshes/Camera/SM_RailRig_Track.uexp" 71
"../../../Engine/Content/EditorMeshes/Camera/SM_RailRig_Mount.ubulk" 72
"../../../Engine/Content/EditorMeshes/Camera/SM_RailRig_Mount.uasset" 73
"../../../Engine/Content/EditorMeshes/Camera/SM_RailRig_Mount.uexp" 74
"../../../Engine/Content/EngineMaterials/T_Default_Material_Grid_M.ubulk" 75
"../../../Engine/Content/EngineMaterials/T_Default_Material_Grid_M.uasset" 76
"../../../Engine/Content/EngineMaterials/T_Default_Material_Grid_M.uexp" 77
"../../../Engine/Content/EngineMaterials/T_Default_Material_Grid_N.ubulk" 78
"../../../Engine/Content/EngineMaterials/T_Default_Material_Grid_N.uasset" 79
"../../../Engine/Content/EngineMaterials/T_Default_Material_Grid_N.uexp" 80
"../../../Engine/Content/Functions/Engine_MaterialFunctions01/Opacity/CameraDepthFade.uasset" 81
"../../../Engine/Content/Functions/Engine_MaterialFunctions01/Opacity/CameraDepthFade.uexp" 82
"../../../Engine/Content/EngineMaterials/WorldGridMaterial.uasset" 83
"../../../Engine/Content/EngineMaterials/WorldGridMaterial.uexp" 84
"../../../Engine/Content/ArtTools/RenderToTexture/Meshes/S_1_Unit_Plane.ubulk" 85
"../../../Engine/Content/ArtTools/RenderToTexture/Meshes/S_1_Unit_Plane.uasset" 86
"../../../Engine/Content/ArtTools/RenderToTexture/Meshes/S_1_Unit_Plane.uexp" 87
"../../../Engine/Content/EditorMaterials/ParticleSystems/PSysThumbnail_NoImage.ubulk" 88
"../../../Engine/Content/EditorMaterials/ParticleSystems/PSysThumbnail_NoImage.uasset" 89
"../../../Engine/Content/EditorMaterials/ParticleSystems/PSysThumbnail_NoImage.uexp" 90
"../../../Engine/Content/EditorMaterials/ParticleSystems/PSysThumbnail_OOD.ubulk" 91
"../../../Engine/Content/EditorMaterials/ParticleSystems/PSysThumbnail_OOD.uasset" 92
"../../../Engine/Content/EditorMaterials/ParticleSystems/PSysThumbnail_OOD.uexp" 93
"../../../Engine/Content/EditorLandscapeResources/SplineEditorMeshMat.uasset" 94
"../../../Engine/Content/EditorLandscapeResources/SplineEditorMeshMat.uexp" 95
"../../../Engine/Content/EditorLandscapeResources/SplineEditorMesh.ubulk" 96
"../../../Engine/Content/EditorLandscapeResources/SplineEditorMesh.uasset" 97
"../../../Engine/Content/EditorLandscapeResources/SplineEditorMesh.uexp" 98
"../../../Engine/Content/EditorResources/S_Solver.ubulk" 99
"../../../Engine/Content/EditorResources/S_Solver.uasset" 100
"../../../Engine/Content/EditorResources/S_Solver.uexp" 101
"../../../Engine/Plugins/Media/MediaPlate/Content/SM_MediaPlateScreen.ubulk" 102
"../../../Engine/Plugins/Media/MediaPlate/Content/SM_MediaPlateScreen.uasset" 103
"../../../Engine/Plugins/Media/MediaPlate/Content/SM_MediaPlateScreen.uexp" 104
"../../../Engine/Content/EngineMaterials/Good64x64TilingNoiseHighFreq.uasset" 105
"../../../Engine/Content/EngineMaterials/Good64x64TilingNoiseHighFreq.uexp" 106
"../../../Engine/Content/EngineMaterials/DefaultBokeh.uasset" 107
"../../../Engine/Content/EngineMaterials/DefaultBokeh.uexp" 108
"../../../Engine/Content/EngineMaterials/PreintegratedSkinBRDF.uasset" 109
"../../../Engine/Content/EngineMaterials/PreintegratedSkinBRDF.uexp" 110
"../../../Engine/Content/EngineMaterials/MiniFont.uasset" 111
"../../../Engine/Content/EngineMaterials/MiniFont.uexp" 112
"../../../Engine/Content/EngineMaterials/WeightMapPlaceholderTexture.uasset" 113
"../../../Engine/Content/EngineMaterials/WeightMapPlaceholderTexture.uexp" 114
"../../../Engine/Content/EngineMaterials/DefaultWhiteGrid.ubulk" 115
"../../../Engine/Content/EngineMaterials/DefaultWhiteGrid.uasset" 116
"../../../Engine/Content/EngineMaterials/DefaultWhiteGrid.uexp" 117
"../../../Engine/Content/BasicShapes/Plane.ubulk" 118
"../../../Engine/Content/BasicShapes/Plane.uasset" 119
"../../../Engine/Content/BasicShapes/Plane.uexp" 120
"../../../Engine/Content/EngineMaterials/DefaultMaterial.uasset" 121
"../../../Engine/Content/EngineMaterials/DefaultMaterial.uexp" 122
"../../../Engine/Content/BasicShapes/Cylinder.ubulk" 123
"../../../Engine/Content/BasicShapes/Cylinder.uasset" 124
"../../../Engine/Content/BasicShapes/Cylinder.uexp" 125
"../../../Engine/Content/BasicShapes/Cone.ubulk" 126
"../../../Engine/Content/BasicShapes/Cone.uasset" 127
"../../../Engine/Content/BasicShapes/Cone.uexp" 128
"../../../Engine/Plugins/Interchange/Runtime/Content/Pipelines/DefaultSceneLevelPipeline.uasset" 129
"../../../Engine/Plugins/Interchange/Runtime/Content/Pipelines/DefaultSceneLevelPipeline.uexp" 130
"../../../Engine/Content/BasicShapes/Cube.ubulk" 131
"../../../Engine/Content/BasicShapes/Cube.uasset" 132
"../../../Engine/Content/BasicShapes/Cube.uexp" 133
"C:/Users/pasca/Documents/Unreal Projects/GamejamTeam22/Content/ThirdPerson/Input/Actions/IA_Esc.uasset" 134
"C:/Users/pasca/Documents/Unreal Projects/GamejamTeam22/Content/ThirdPerson/Input/Actions/IA_Esc.uexp" 135
"C:/Users/pasca/Documents/Unreal Projects/GamejamTeam22/Content/ThirdPerson/Input/Actions/IA_E.uasset" 136
"C:/Users/pasca/Documents/Unreal Projects/GamejamTeam22/Content/ThirdPerson/Input/Actions/IA_E.uexp" 137
"C:/Users/pasca/Documents/Unreal Projects/GamejamTeam22/Content/Materials/Textures/UIICons/ItemSlotBar.uasset" 138
"C:/Users/pasca/Documents/Unreal Projects/GamejamTeam22/Content/Materials/Textures/UIICons/ItemSlotBar.uexp" 139
"C:/Users/pasca/Documents/Unreal Projects/GamejamTeam22/Content/Materials/Textures/Icons/FrogLegs_Test.uasset" 140
"C:/Users/pasca/Documents/Unreal Projects/GamejamTeam22/Content/Materials/Textures/Icons/FrogLegs_Test.uexp" 141
"C:/Users/pasca/Documents/Unreal Projects/GamejamTeam22/Content/Materials/Textures/Icons/Eyes_Test.uasset" 142
"C:/Users/pasca/Documents/Unreal Projects/GamejamTeam22/Content/Materials/Textures/Icons/Eyes_Test.uexp" 143
"C:/Users/pasca/Documents/Unreal Projects/GamejamTeam22/Content/Materials/Textures/UIICons/ItemSlot.uasset" 144
"C:/Users/pasca/Documents/Unreal Projects/GamejamTeam22/Content/Materials/Textures/UIICons/ItemSlot.uexp" 145
"C:/Users/pasca/Documents/Unreal Projects/GamejamTeam22/Content/Materials/Textures/Icons/LizardTail_Test.uasset" 146
"C:/Users/pasca/Documents/Unreal Projects/GamejamTeam22/Content/Materials/Textures/Icons/LizardTail_Test.uexp" 147
"C:/Users/pasca/Documents/Unreal Projects/GamejamTeam22/Content/UI/WBP_Inventory.uasset" 148
"C:/Users/pasca/Documents/Unreal Projects/GamejamTeam22/Content/UI/WBP_Inventory.uexp" 149
"C:/Users/pasca/Documents/Unreal Projects/GamejamTeam22/Content/Characters/Mannequins/Meshes/SK_Mannequin.uasset" 150
"C:/Users/pasca/Documents/Unreal Projects/GamejamTeam22/Content/Characters/Mannequins/Meshes/SK_Mannequin.uexp" 151
"C:/Users/pasca/Documents/Unreal Projects/GamejamTeam22/Content/Characters/Mannequins/Textures/Quinn/T_Quinn_02ID_MSR_MSK.ubulk" 152
"C:/Users/pasca/Documents/Unreal Projects/GamejamTeam22/Content/Characters/Mannequins/Textures/Quinn/T_Quinn_02ID_MSR_MSK.uasset" 153
"C:/Users/pasca/Documents/Unreal Projects/GamejamTeam22/Content/Characters/Mannequins/Textures/Quinn/T_Quinn_02ID_MSR_MSK.uexp" 154
"C:/Users/pasca/Documents/Unreal Projects/GamejamTeam22/Content/Characters/Mannequins/Textures/Quinn/T_Quinn_02ID_BN.ubulk" 155
"C:/Users/pasca/Documents/Unreal Projects/GamejamTeam22/Content/Characters/Mannequins/Textures/Quinn/T_Quinn_02ID_BN.uasset" 156
"C:/Users/pasca/Documents/Unreal Projects/GamejamTeam22/Content/Characters/Mannequins/Textures/Quinn/T_Quinn_02ID_BN.uexp" 157
"C:/Users/pasca/Documents/Unreal Projects/GamejamTeam22/Content/Characters/Mannequins/Textures/Quinn/T_Quinn_02_ASAOMASK_MSK.ubulk" 158
"C:/Users/pasca/Documents/Unreal Projects/GamejamTeam22/Content/Characters/Mannequins/Textures/Quinn/T_Quinn_02_ASAOMASK_MSK.uasset" 159
"C:/Users/pasca/Documents/Unreal Projects/GamejamTeam22/Content/Characters/Mannequins/Textures/Quinn/T_Quinn_02_ASAOMASK_MSK.uexp" 160
"C:/Users/pasca/Documents/Unreal Projects/GamejamTeam22/Content/Characters/Mannequins/Textures/Quinn/T_Quinn_02_CCRCCPlastic_MSK.ubulk" 161
"C:/Users/pasca/Documents/Unreal Projects/GamejamTeam22/Content/Characters/Mannequins/Textures/Quinn/T_Quinn_02_CCRCCPlastic_MSK.uasset" 162
"C:/Users/pasca/Documents/Unreal Projects/GamejamTeam22/Content/Characters/Mannequins/Textures/Quinn/T_Quinn_02_CCRCCPlastic_MSK.uexp" 163
"C:/Users/pasca/Documents/Unreal Projects/GamejamTeam22/Content/Characters/Mannequins/Textures/Quinn/T_Quinn_02ID_Tan.ubulk" 164
"C:/Users/pasca/Documents/Unreal Projects/GamejamTeam22/Content/Characters/Mannequins/Textures/Quinn/T_Quinn_02ID_Tan.uasset" 165
"C:/Users/pasca/Documents/Unreal Projects/GamejamTeam22/Content/Characters/Mannequins/Textures/Quinn/T_Quinn_02ID_Tan.uexp" 166
"C:/Users/pasca/Documents/Unreal Projects/GamejamTeam22/Content/Characters/Mannequins/Textures/Quinn/T_Quinn_02ID_D.ubulk" 167
"C:/Users/pasca/Documents/Unreal Projects/GamejamTeam22/Content/Characters/Mannequins/Textures/Quinn/T_Quinn_02ID_D.uasset" 168
"C:/Users/pasca/Documents/Unreal Projects/GamejamTeam22/Content/Characters/Mannequins/Textures/Quinn/T_Quinn_02ID_D.uexp" 169
"C:/Users/pasca/Documents/Unreal Projects/GamejamTeam22/Content/Characters/Mannequins/Textures/Quinn/T_Quinn_01ID_MSR_MSK.ubulk" 170
"C:/Users/pasca/Documents/Unreal Projects/GamejamTeam22/Content/Characters/Mannequins/Textures/Quinn/T_Quinn_01ID_MSR_MSK.uasset" 171
"C:/Users/pasca/Documents/Unreal Projects/GamejamTeam22/Content/Characters/Mannequins/Textures/Quinn/T_Quinn_01ID_MSR_MSK.uexp" 172
"C:/Users/pasca/Documents/Unreal Projects/GamejamTeam22/Content/Characters/Mannequins/Materials/Functions/ChromaticCurve.uasset" 173
"C:/Users/pasca/Documents/Unreal Projects/GamejamTeam22/Content/Characters/Mannequins/Materials/Functions/ChromaticCurve.uexp" 174
"C:/Users/pasca/Documents/Unreal Projects/GamejamTeam22/Content/Characters/Mannequins/Materials/Functions/CA_Mannequin.uasset" 175
"C:/Users/pasca/Documents/Unreal Projects/GamejamTeam22/Content/Characters/Mannequins/Materials/Functions/CA_Mannequin.uexp" 176
"C:/Users/pasca/Documents/Unreal Projects/GamejamTeam22/Content/Characters/Mannequins/Materials/Functions/MF_Diffraction.uasset" 177
"C:/Users/pasca/Documents/Unreal Projects/GamejamTeam22/Content/Characters/Mannequins/Materials/Functions/MF_Diffraction.uexp" 178
"C:/Users/pasca/Documents/Unreal Projects/GamejamTeam22/Content/Characters/Mannequins/Textures/Manny/T_Manny_01_N.ubulk" 179
"C:/Users/pasca/Documents/Unreal Projects/GamejamTeam22/Content/Characters/Mannequins/Textures/Manny/T_Manny_01_N.uasset" 180
"C:/Users/pasca/Documents/Unreal Projects/GamejamTeam22/Content/Characters/Mannequins/Textures/Manny/T_Manny_01_N.uexp" 181
"C:/Users/pasca/Documents/Unreal Projects/GamejamTeam22/Content/Characters/Mannequins/Materials/Functions/ML_BaseColorFallOff.uasset" 182
"C:/Users/pasca/Documents/Unreal Projects/GamejamTeam22/Content/Characters/Mannequins/Materials/Functions/ML_BaseColorFallOff.uexp" 183
"../../../Engine/Content/Functions/Engine_MaterialFunctions02/Utility/BreakOutFloat2Components.uasset" 184
"../../../Engine/Content/Functions/Engine_MaterialFunctions02/Utility/BreakOutFloat2Components.uexp" 185
"../../../Engine/Content/Functions/Engine_MaterialFunctions01/Texturing/ScaleUVsByCenter.uasset" 186
"../../../Engine/Content/Functions/Engine_MaterialFunctions01/Texturing/ScaleUVsByCenter.uexp" 187
"C:/Users/pasca/Documents/Unreal Projects/GamejamTeam22/Content/Characters/Mannequins/Textures/Shared/T_UE_Logo_M.uasset" 188
"C:/Users/pasca/Documents/Unreal Projects/GamejamTeam22/Content/Characters/Mannequins/Textures/Shared/T_UE_Logo_M.uexp" 189
"C:/Users/pasca/Documents/Unreal Projects/GamejamTeam22/Content/Characters/Mannequins/Materials/Functions/MF_logo3layers.uasset" 190
"C:/Users/pasca/Documents/Unreal Projects/GamejamTeam22/Content/Characters/Mannequins/Materials/Functions/MF_logo3layers.uexp" 191
"C:/Users/pasca/Documents/Unreal Projects/GamejamTeam22/Content/Characters/Mannequins/Textures/Manny/T_Manny_01_CCRCCPlastic_MSK.ubulk" 192
"C:/Users/pasca/Documents/Unreal Projects/GamejamTeam22/Content/Characters/Mannequins/Textures/Manny/T_Manny_01_CCRCCPlastic_MSK.uasset" 193
"C:/Users/pasca/Documents/Unreal Projects/GamejamTeam22/Content/Characters/Mannequins/Textures/Manny/T_Manny_01_CCRCCPlastic_MSK.uexp" 194
"C:/Users/pasca/Documents/Unreal Projects/GamejamTeam22/Content/Characters/Mannequins/Textures/Manny/T_Manny_01_ASAOPMASK_MSK.ubulk" 195
"C:/Users/pasca/Documents/Unreal Projects/GamejamTeam22/Content/Characters/Mannequins/Textures/Manny/T_Manny_01_ASAOPMASK_MSK.uasset" 196
"C:/Users/pasca/Documents/Unreal Projects/GamejamTeam22/Content/Characters/Mannequins/Textures/Manny/T_Manny_01_ASAOPMASK_MSK.uexp" 197
"C:/Users/pasca/Documents/Unreal Projects/GamejamTeam22/Content/Characters/Mannequins/Textures/Manny/T_Manny_01_MSR_MSK.ubulk" 198
"C:/Users/pasca/Documents/Unreal Projects/GamejamTeam22/Content/Characters/Mannequins/Textures/Manny/T_Manny_01_MSR_MSK.uasset" 199
"C:/Users/pasca/Documents/Unreal Projects/GamejamTeam22/Content/Characters/Mannequins/Textures/Manny/T_Manny_01_MSR_MSK.uexp" 200
"C:/Users/pasca/Documents/Unreal Projects/GamejamTeam22/Content/Characters/Mannequins/Textures/Manny/T_Manny_01_BN.ubulk" 201
"C:/Users/pasca/Documents/Unreal Projects/GamejamTeam22/Content/Characters/Mannequins/Textures/Manny/T_Manny_01_BN.uasset" 202
"C:/Users/pasca/Documents/Unreal Projects/GamejamTeam22/Content/Characters/Mannequins/Textures/Manny/T_Manny_01_BN.uexp" 203
"C:/Users/pasca/Documents/Unreal Projects/GamejamTeam22/Content/Characters/Mannequins/Textures/Manny/T_Manny_01_D.ubulk" 204
"C:/Users/pasca/Documents/Unreal Projects/GamejamTeam22/Content/Characters/Mannequins/Textures/Manny/T_Manny_01_D.uasset" 205
"C:/Users/pasca/Documents/Unreal Projects/GamejamTeam22/Content/Characters/Mannequins/Textures/Manny/T_Manny_01_D.uexp" 206
"C:/Users/pasca/Documents/Unreal Projects/GamejamTeam22/Content/Characters/Mannequins/Textures/Manny/T_Manny_01_Tan.ubulk" 207
"C:/Users/pasca/Documents/Unreal Projects/GamejamTeam22/Content/Characters/Mannequins/Textures/Manny/T_Manny_01_Tan.uasset" 208
"C:/Users/pasca/Documents/Unreal Projects/GamejamTeam22/Content/Characters/Mannequins/Textures/Manny/T_Manny_01_Tan.uexp" 209
"C:/Users/pasca/Documents/Unreal Projects/GamejamTeam22/Content/Characters/Mannequins/Materials/M_Mannequin.uasset" 210
"C:/Users/pasca/Documents/Unreal Projects/GamejamTeam22/Content/Characters/Mannequins/Materials/M_Mannequin.uexp" 211
"C:/Users/pasca/Documents/Unreal Projects/GamejamTeam22/Content/Characters/Mannequins/Textures/Quinn/T_Quinn_01_ASAOMASK_MSK.ubulk" 212
"C:/Users/pasca/Documents/Unreal Projects/GamejamTeam22/Content/Characters/Mannequins/Textures/Quinn/T_Quinn_01_ASAOMASK_MSK.uasset" 213
"C:/Users/pasca/Documents/Unreal Projects/GamejamTeam22/Content/Characters/Mannequins/Textures/Quinn/T_Quinn_01_ASAOMASK_MSK.uexp" 214
"C:/Users/pasca/Documents/Unreal Projects/GamejamTeam22/Content/Characters/Mannequins/Textures/Quinn/T_Quinn_01ID_N.ubulk" 215
"C:/Users/pasca/Documents/Unreal Projects/GamejamTeam22/Content/Characters/Mannequins/Textures/Quinn/T_Quinn_01ID_N.uasset" 216
"C:/Users/pasca/Documents/Unreal Projects/GamejamTeam22/Content/Characters/Mannequins/Textures/Quinn/T_Quinn_01ID_N.uexp" 217
"C:/Users/pasca/Documents/Unreal Projects/GamejamTeam22/Content/Characters/Mannequins/Textures/Quinn/T_Quinn_01ID_BN.ubulk" 218
"C:/Users/pasca/Documents/Unreal Projects/GamejamTeam22/Content/Characters/Mannequins/Textures/Quinn/T_Quinn_01ID_BN.uasset" 219
"C:/Users/pasca/Documents/Unreal Projects/GamejamTeam22/Content/Characters/Mannequins/Textures/Quinn/T_Quinn_01ID_BN.uexp" 220
"C:/Users/pasca/Documents/Unreal Projects/GamejamTeam22/Content/Characters/Mannequins/Textures/Quinn/T_Quinn_01ID_D.ubulk" 221
"C:/Users/pasca/Documents/Unreal Projects/GamejamTeam22/Content/Characters/Mannequins/Textures/Quinn/T_Quinn_01ID_D.uasset" 222
"C:/Users/pasca/Documents/Unreal Projects/GamejamTeam22/Content/Characters/Mannequins/Textures/Quinn/T_Quinn_01ID_D.uexp" 223
"C:/Users/pasca/Documents/Unreal Projects/GamejamTeam22/Content/Characters/Mannequins/Textures/Quinn/T_Quinn_01ID_Tan.ubulk" 224
"C:/Users/pasca/Documents/Unreal Projects/GamejamTeam22/Content/Characters/Mannequins/Textures/Quinn/T_Quinn_01ID_Tan.uasset" 225
"C:/Users/pasca/Documents/Unreal Projects/GamejamTeam22/Content/Characters/Mannequins/Textures/Quinn/T_Quinn_01ID_Tan.uexp" 226
"C:/Users/pasca/Documents/Unreal Projects/GamejamTeam22/Content/Characters/Mannequins/Textures/Quinn/T_Quinn_01_CCRCCPlastic_MSK.ubulk" 227
"C:/Users/pasca/Documents/Unreal Projects/GamejamTeam22/Content/Characters/Mannequins/Textures/Quinn/T_Quinn_01_CCRCCPlastic_MSK.uasset" 228
"C:/Users/pasca/Documents/Unreal Projects/GamejamTeam22/Content/Characters/Mannequins/Textures/Quinn/T_Quinn_01_CCRCCPlastic_MSK.uexp" 229
"C:/Users/pasca/Documents/Unreal Projects/GamejamTeam22/Content/Characters/Mannequins/Materials/Instances/Quinn/MI_Quinn_01.uasset" 230
"C:/Users/pasca/Documents/Unreal Projects/GamejamTeam22/Content/Characters/Mannequins/Materials/Instances/Quinn/MI_Quinn_01.uexp" 231
"C:/Users/pasca/Documents/Unreal Projects/GamejamTeam22/Content/Characters/Mannequins/Textures/Quinn/T_Quinn_02ID_N.ubulk" 232
"C:/Users/pasca/Documents/Unreal Projects/GamejamTeam22/Content/Characters/Mannequins/Textures/Quinn/T_Quinn_02ID_N.uasset" 233
"C:/Users/pasca/Documents/Unreal Projects/GamejamTeam22/Content/Characters/Mannequins/Textures/Quinn/T_Quinn_02ID_N.uexp" 234
"C:/Users/pasca/Documents/Unreal Projects/GamejamTeam22/Content/Characters/Mannequins/Materials/Instances/Quinn/MI_Quinn_02.uasset" 235
"C:/Users/pasca/Documents/Unreal Projects/GamejamTeam22/Content/Characters/Mannequins/Materials/Instances/Quinn/MI_Quinn_02.uexp" 236
"C:/Users/pasca/Documents/Unreal Projects/GamejamTeam22/Content/Characters/Mannequins/Rigs/PA_Mannequin.uasset" 237
"C:/Users/pasca/Documents/Unreal Projects/GamejamTeam22/Content/Characters/Mannequins/Rigs/PA_Mannequin.uexp" 238
"C:/Users/pasca/Documents/Unreal Projects/GamejamTeam22/Content/Characters/Mannequins/Meshes/SKM_Quinn_Simple.uasset" 239
"C:/Users/pasca/Documents/Unreal Projects/GamejamTeam22/Content/Characters/Mannequins/Meshes/SKM_Quinn_Simple.uexp" 240
"C:/Users/pasca/Documents/Unreal Projects/GamejamTeam22/Content/Sounds/Music.uasset" 241
"C:/Users/pasca/Documents/Unreal Projects/GamejamTeam22/Content/Sounds/Music.uexp" 242
"C:/Users/pasca/Documents/Unreal Projects/GamejamTeam22/Content/Sounds/Master.uasset" 243
"C:/Users/pasca/Documents/Unreal Projects/GamejamTeam22/Content/Sounds/Master.uexp" 244
"C:/Users/pasca/Documents/Unreal Projects/GamejamTeam22/Content/Sounds/SFX.uasset" 245
"C:/Users/pasca/Documents/Unreal Projects/GamejamTeam22/Content/Sounds/SFX.uexp" 246
"C:/Users/pasca/Documents/Unreal Projects/GamejamTeam22/Content/Sounds/SFX/ES_Magic_Transformation_12_-_SFX_Producer.ubulk" 247
"C:/Users/pasca/Documents/Unreal Projects/GamejamTeam22/Content/Sounds/SFX/ES_Magic_Transformation_12_-_SFX_Producer.uasset" 248
"C:/Users/pasca/Documents/Unreal Projects/GamejamTeam22/Content/Sounds/SFX/ES_Magic_Transformation_12_-_SFX_Producer.uexp" 249
"C:/Users/pasca/Documents/Unreal Projects/GamejamTeam22/Content/Sounds/MasterVolume.uasset" 250
"C:/Users/pasca/Documents/Unreal Projects/GamejamTeam22/Content/Sounds/MasterVolume.uexp" 251
"C:/Users/pasca/Documents/Unreal Projects/GamejamTeam22/Content/Blueprints/BP_SaveGame.uasset" 252
"C:/Users/pasca/Documents/Unreal Projects/GamejamTeam22/Content/Blueprints/BP_SaveGame.uexp" 253
"C:/Users/pasca/Documents/Unreal Projects/GamejamTeam22/Content/Caveat-VariableFont_wght.uexp" 254
"C:/Users/pasca/Documents/Unreal Projects/GamejamTeam22/Content/Caveat-VariableFont_wght.uasset" 255
"C:/Users/pasca/Documents/Unreal Projects/GamejamTeam22/Content/Caveat-VariableFont_wght.ufont" 256
"C:/Users/pasca/Documents/Unreal Projects/GamejamTeam22/Content/Caveat-VariableFont_wght_Font.uasset" 257
"C:/Users/pasca/Documents/Unreal Projects/GamejamTeam22/Content/Caveat-VariableFont_wght_Font.uexp" 258
"C:/Users/pasca/Documents/Unreal Projects/GamejamTeam22/Content/Materials/Textures/UIICons/Element_6.uasset" 259
"C:/Users/pasca/Documents/Unreal Projects/GamejamTeam22/Content/Materials/Textures/UIICons/Element_6.uexp" 260
"C:/Users/pasca/Documents/Unreal Projects/GamejamTeam22/Content/Materials/Textures/UIICons/Element_7.uasset" 261
"C:/Users/pasca/Documents/Unreal Projects/GamejamTeam22/Content/Materials/Textures/UIICons/Element_7.uexp" 262
"C:/Users/pasca/Documents/Unreal Projects/GamejamTeam22/Content/Materials/Textures/UIICons/Element_8.uasset" 263
"C:/Users/pasca/Documents/Unreal Projects/GamejamTeam22/Content/Materials/Textures/UIICons/Element_8.uexp" 264
"C:/Users/pasca/Documents/Unreal Projects/GamejamTeam22/Content/Materials/Textures/UIICons/Element_10.uasset" 265
"C:/Users/pasca/Documents/Unreal Projects/GamejamTeam22/Content/Materials/Textures/UIICons/Element_10.uexp" 266
"C:/Users/pasca/Documents/Unreal Projects/GamejamTeam22/Content/Materials/Textures/UIICons/Element_11.uasset" 267
"C:/Users/pasca/Documents/Unreal Projects/GamejamTeam22/Content/Materials/Textures/UIICons/Element_11.uexp" 268
"C:/Users/pasca/Documents/Unreal Projects/GamejamTeam22/Content/Materials/Textures/UIICons/Element_12.uasset" 269
"C:/Users/pasca/Documents/Unreal Projects/GamejamTeam22/Content/Materials/Textures/UIICons/Element_12.uexp" 270
"C:/Users/pasca/Documents/Unreal Projects/GamejamTeam22/Content/UI/WBP_OptionsMenu.uasset" 271
"C:/Users/pasca/Documents/Unreal Projects/GamejamTeam22/Content/UI/WBP_OptionsMenu.uexp" 272
"C:/Users/pasca/Documents/Unreal Projects/GamejamTeam22/Content/UI/WBP_PauseMenu.uasset" 273
"C:/Users/pasca/Documents/Unreal Projects/GamejamTeam22/Content/UI/WBP_PauseMenu.uexp" 274
"C:/Users/pasca/Documents/Unreal Projects/GamejamTeam22/Content/ThirdPerson/Input/Actions/IA_Inv.uasset" 275
"C:/Users/pasca/Documents/Unreal Projects/GamejamTeam22/Content/ThirdPerson/Input/Actions/IA_Inv.uexp" 276
"C:/Users/pasca/Documents/Unreal Projects/GamejamTeam22/Content/ThirdPerson/Input/Actions/IA_Jump.uasset" 277
"C:/Users/pasca/Documents/Unreal Projects/GamejamTeam22/Content/ThirdPerson/Input/Actions/IA_Jump.uexp" 278
"C:/Users/pasca/Documents/Unreal Projects/GamejamTeam22/Content/ThirdPerson/Input/Actions/IA_Run.uasset" 279
"C:/Users/pasca/Documents/Unreal Projects/GamejamTeam22/Content/ThirdPerson/Input/Actions/IA_Run.uexp" 280
"C:/Users/pasca/Documents/Unreal Projects/GamejamTeam22/Content/ThirdPerson/Input/Actions/IA_Dash.uasset" 281
"C:/Users/pasca/Documents/Unreal Projects/GamejamTeam22/Content/ThirdPerson/Input/Actions/IA_Dash.uexp" 282
"C:/Users/pasca/Documents/Unreal Projects/GamejamTeam22/Content/ThirdPerson/Input/Actions/IA_Look.uasset" 283
"C:/Users/pasca/Documents/Unreal Projects/GamejamTeam22/Content/ThirdPerson/Input/Actions/IA_Look.uexp" 284
"C:/Users/pasca/Documents/Unreal Projects/GamejamTeam22/Content/ThirdPerson/Input/Actions/IA_Move.uasset" 285
"C:/Users/pasca/Documents/Unreal Projects/GamejamTeam22/Content/ThirdPerson/Input/Actions/IA_Move.uexp" 286
"C:/Users/pasca/Documents/Unreal Projects/GamejamTeam22/Content/ThirdPerson/Input/IMC_Default.uasset" 287
"C:/Users/pasca/Documents/Unreal Projects/GamejamTeam22/Content/ThirdPerson/Input/IMC_Default.uexp" 288
"../../../Engine/Content/Animation/DefaultAnimCurveCompressionSettings.uasset" 289
"../../../Engine/Content/Animation/DefaultAnimCurveCompressionSettings.uexp" 290
"../../../Engine/Content/Animation/DefaultAnimBoneCompressionSettings.uasset" 291
"../../../Engine/Content/Animation/DefaultAnimBoneCompressionSettings.uexp" 292
"C:/Users/pasca/Documents/Unreal Projects/GamejamTeam22/Content/Characters/Mannequins/Animations/Quinn/MF_Run_Fwd.uasset" 293
"C:/Users/pasca/Documents/Unreal Projects/GamejamTeam22/Content/Characters/Mannequins/Animations/Quinn/MF_Run_Fwd.uexp" 294
"C:/Users/pasca/Documents/Unreal Projects/GamejamTeam22/Content/Characters/Mannequins/Animations/Quinn/MF_Walk_Fwd.uasset" 295
"C:/Users/pasca/Documents/Unreal Projects/GamejamTeam22/Content/Characters/Mannequins/Animations/Quinn/MF_Walk_Fwd.uexp" 296
"../../../Engine/Content/Animation/DefaultRecorderBoneCompression.uasset" 297
"../../../Engine/Content/Animation/DefaultRecorderBoneCompression.uexp" 298
"C:/Users/pasca/Documents/Unreal Projects/GamejamTeam22/Content/Characters/Mannequins/Animations/Manny/MM_Walk_InPlace.uasset" 299
"C:/Users/pasca/Documents/Unreal Projects/GamejamTeam22/Content/Characters/Mannequins/Animations/Manny/MM_Walk_InPlace.uexp" 300
"C:/Users/pasca/Documents/Unreal Projects/GamejamTeam22/Content/Characters/Mannequins/Animations/Quinn/BS_MF_Unarmed_WalkRun.uasset" 301
"C:/Users/pasca/Documents/Unreal Projects/GamejamTeam22/Content/Characters/Mannequins/Animations/Quinn/BS_MF_Unarmed_WalkRun.uexp" 302
"C:/Users/pasca/Documents/Unreal Projects/GamejamTeam22/Content/Characters/Mannequins/Animations/Quinn/MF_Idle.uasset" 303
"C:/Users/pasca/Documents/Unreal Projects/GamejamTeam22/Content/Characters/Mannequins/Animations/Quinn/MF_Idle.uexp" 304
"C:/Users/pasca/Documents/Unreal Projects/GamejamTeam22/Content/Characters/Mannequins/Animations/Manny/MM_Fall_Loop.uasset" 305
"C:/Users/pasca/Documents/Unreal Projects/GamejamTeam22/Content/Characters/Mannequins/Animations/Manny/MM_Fall_Loop.uexp" 306
"C:/Users/pasca/Documents/Unreal Projects/GamejamTeam22/Content/Characters/Mannequins/Animations/Manny/MM_Jump.uasset" 307
"C:/Users/pasca/Documents/Unreal Projects/GamejamTeam22/Content/Characters/Mannequins/Animations/Manny/MM_Jump.uexp" 308
"../../../Engine/Plugins/Animation/ControlRig/Content/Controls/DefaultGizmoLibrary.uasset" 309
"../../../Engine/Plugins/Animation/ControlRig/Content/Controls/DefaultGizmoLibrary.uexp" 310
"C:/Users/pasca/Documents/Unreal Projects/GamejamTeam22/Content/Characters/Mannequins/Rigs/CR_Mannequin_BasicFootIK.uasset" 311
"C:/Users/pasca/Documents/Unreal Projects/GamejamTeam22/Content/Characters/Mannequins/Rigs/CR_Mannequin_BasicFootIK.uexp" 312
"C:/Users/pasca/Documents/Unreal Projects/GamejamTeam22/Content/Characters/Mannequins/Animations/Manny/MM_Run_Fwd.uasset" 313
"C:/Users/pasca/Documents/Unreal Projects/GamejamTeam22/Content/Characters/Mannequins/Animations/Manny/MM_Run_Fwd.uexp" 314
"C:/Users/pasca/Documents/Unreal Projects/GamejamTeam22/Content/Characters/Mannequins/Animations/Manny/MM_Walk_Fwd.uasset" 315
"C:/Users/pasca/Documents/Unreal Projects/GamejamTeam22/Content/Characters/Mannequins/Animations/Manny/MM_Walk_Fwd.uexp" 316
"C:/Users/pasca/Documents/Unreal Projects/GamejamTeam22/Content/Characters/Mannequins/Animations/Manny/BS_MM_WalkRun.uasset" 317
"C:/Users/pasca/Documents/Unreal Projects/GamejamTeam22/Content/Characters/Mannequins/Animations/Manny/BS_MM_WalkRun.uexp" 318
"C:/Users/pasca/Documents/Unreal Projects/GamejamTeam22/Content/Characters/Mannequins/Animations/Manny/MM_Land.uasset" 319
"C:/Users/pasca/Documents/Unreal Projects/GamejamTeam22/Content/Characters/Mannequins/Animations/Manny/MM_Land.uexp" 320
"C:/Users/pasca/Documents/Unreal Projects/GamejamTeam22/Content/Characters/Mannequins/Animations/Manny/MM_Idle.uasset" 321
"C:/Users/pasca/Documents/Unreal Projects/GamejamTeam22/Content/Characters/Mannequins/Animations/Manny/MM_Idle.uexp" 322
"C:/Users/pasca/Documents/Unreal Projects/GamejamTeam22/Content/Characters/Mannequins/Animations/ABP_Manny.uasset" 323
"C:/Users/pasca/Documents/Unreal Projects/GamejamTeam22/Content/Characters/Mannequins/Animations/ABP_Manny.uexp" 324
"C:/Users/pasca/Documents/Unreal Projects/GamejamTeam22/Content/Characters/Mannequins/Animations/ABP_Quinn.uasset" 325
"C:/Users/pasca/Documents/Unreal Projects/GamejamTeam22/Content/Characters/Mannequins/Animations/ABP_Quinn.uexp" 326
"../../../Engine/Content/EditorBlueprintResources/StandardMacros.uasset" 327
"../../../Engine/Content/EditorBlueprintResources/StandardMacros.uexp" 328
"C:/Users/pasca/Documents/Unreal Projects/GamejamTeam22/Content/ThirdPerson/Blueprints/BP_ThirdPersonCharacter.uasset" 329
"C:/Users/pasca/Documents/Unreal Projects/GamejamTeam22/Content/ThirdPerson/Blueprints/BP_ThirdPersonCharacter.uexp" 330
"../../../Engine/Content/BasicShapes/BasicShapeMaterial.uasset" 331
"../../../Engine/Content/BasicShapes/BasicShapeMaterial.uexp" 332
"C:/Users/pasca/Documents/Unreal Projects/GamejamTeam22/Content/Blueprints/Door.uasset" 333
"C:/Users/pasca/Documents/Unreal Projects/GamejamTeam22/Content/Blueprints/Door.uexp" 334
"C:/Users/pasca/Documents/Unreal Projects/GamejamTeam22/Content/Blueprints/BP_Checkpoint.uasset" 335
"C:/Users/pasca/Documents/Unreal Projects/GamejamTeam22/Content/Blueprints/BP_Checkpoint.uexp" 336
"C:/Users/pasca/Documents/Unreal Projects/GamejamTeam22/Content/Blueprints/BP_Killzone.uasset" 337
"C:/Users/pasca/Documents/Unreal Projects/GamejamTeam22/Content/Blueprints/BP_Killzone.uexp" 338
"../../../Engine/Content/BasicShapes/Sphere.ubulk" 339
"../../../Engine/Content/BasicShapes/Sphere.uasset" 340
"../../../Engine/Content/BasicShapes/Sphere.uexp" 341
"C:/Users/pasca/Documents/Unreal Projects/GamejamTeam22/Content/Enums/E_Collectables.uasset" 342
"C:/Users/pasca/Documents/Unreal Projects/GamejamTeam22/Content/Enums/E_Collectables.uexp" 343
"C:/Users/pasca/Documents/Unreal Projects/GamejamTeam22/Content/Blueprints/Interactables/BP_InteractableMaster.uasset" 344
"C:/Users/pasca/Documents/Unreal Projects/GamejamTeam22/Content/Blueprints/Interactables/BP_InteractableMaster.uexp" 345
"C:/Users/pasca/Documents/Unreal Projects/GamejamTeam22/Content/Blueprints/Interactables/Childs/BP_UnicornHorn.uasset" 346
"C:/Users/pasca/Documents/Unreal Projects/GamejamTeam22/Content/Blueprints/Interactables/Childs/BP_UnicornHorn.uexp" 347
"C:/Users/pasca/Documents/Unreal Projects/GamejamTeam22/Content/Blueprints/Interactables/Childs/BP_Teeth.uasset" 348
"C:/Users/pasca/Documents/Unreal Projects/GamejamTeam22/Content/Blueprints/Interactables/Childs/BP_Teeth.uexp" 349
"C:/Users/pasca/Documents/Unreal Projects/GamejamTeam22/Content/Blueprints/Interactables/Childs/BP_Spike.uasset" 350
"C:/Users/pasca/Documents/Unreal Projects/GamejamTeam22/Content/Blueprints/Interactables/Childs/BP_Spike.uexp" 351
"C:/Users/pasca/Documents/Unreal Projects/GamejamTeam22/Content/Blueprints/Interactables/Childs/BP_LizardTail.uasset" 352
"C:/Users/pasca/Documents/Unreal Projects/GamejamTeam22/Content/Blueprints/Interactables/Childs/BP_LizardTail.uexp" 353
"C:/Users/pasca/Documents/Unreal Projects/GamejamTeam22/Content/Blueprints/Interactables/Childs/BP_FrogLegs.uasset" 354
"C:/Users/pasca/Documents/Unreal Projects/GamejamTeam22/Content/Blueprints/Interactables/Childs/BP_FrogLegs.uexp" 355
"C:/Users/pasca/Documents/Unreal Projects/GamejamTeam22/Content/Blueprints/Interactables/Childs/BP_Footnails.uasset" 356
"C:/Users/pasca/Documents/Unreal Projects/GamejamTeam22/Content/Blueprints/Interactables/Childs/BP_Footnails.uexp" 357
"C:/Users/pasca/Documents/Unreal Projects/GamejamTeam22/Content/Blueprints/Interactables/Childs/BP_Eyes.uasset" 358
"C:/Users/pasca/Documents/Unreal Projects/GamejamTeam22/Content/Blueprints/Interactables/Childs/BP_Eyes.uexp" 359
"C:/Users/pasca/Documents/Unreal Projects/GamejamTeam22/Content/Blueprints/Interactables/Childs/BP_BatWings.uasset" 360
"C:/Users/pasca/Documents/Unreal Projects/GamejamTeam22/Content/Blueprints/Interactables/Childs/BP_BatWings.uexp" 361
"C:/Users/pasca/Documents/Unreal Projects/GamejamTeam22/Content/Blender/SM_Island.ubulk" 362
"C:/Users/pasca/Documents/Unreal Projects/GamejamTeam22/Content/Blender/SM_Island.uasset" 363
"C:/Users/pasca/Documents/Unreal Projects/GamejamTeam22/Content/Blender/SM_Island.uexp" 364
"../../../Engine/Content/EngineSounds/Master.uasset" 365
"../../../Engine/Content/EngineSounds/Master.uexp" 366
"../../../Engine/Content/EngineSky/T_Sky_Stars.ubulk" 367
"../../../Engine/Content/EngineSky/T_Sky_Stars.uasset" 368
"../../../Engine/Content/EngineSky/T_Sky_Stars.uexp" 369
"../../../Engine/Content/EngineSky/T_Sky_Clouds_M.ubulk" 370
"../../../Engine/Content/EngineSky/T_Sky_Clouds_M.uasset" 371
"../../../Engine/Content/EngineSky/T_Sky_Clouds_M.uexp" 372
"../../../Engine/Content/EngineSky/T_Sky_Blue.ubulk" 373
"../../../Engine/Content/EngineSky/T_Sky_Blue.uasset" 374
"../../../Engine/Content/EngineSky/T_Sky_Blue.uexp" 375
"../../../Engine/Content/EngineSky/M_Sky_Panning_Clouds2.uasset" 376
"../../../Engine/Content/EngineSky/M_Sky_Panning_Clouds2.uexp" 377
"../../../Engine/Content/EngineSky/SM_SkySphere.ubulk" 378
"../../../Engine/Content/EngineSky/SM_SkySphere.uasset" 379
"../../../Engine/Content/EngineSky/SM_SkySphere.uexp" 380
"../../../Engine/Content/EngineSky/M_SimpleSkyDome.uasset" 381
"../../../Engine/Content/EngineSky/M_SimpleSkyDome.uexp" 382
"../../../Engine/Content/EngineSky/VolumetricClouds/CloudWeatherTexture.uasset" 383
"../../../Engine/Content/EngineSky/VolumetricClouds/CloudWeatherTexture.uexp" 384
"../../../Engine/Content/Functions/Engine_MaterialFunctions02/Utility/MakeFloat2.uasset" 385
"../../../Engine/Content/Functions/Engine_MaterialFunctions02/Utility/MakeFloat2.uexp" 386
"../../../Engine/Content/EngineSky/VolumetricClouds/CloudGradientTexture.uasset" 387
"../../../Engine/Content/EngineSky/VolumetricClouds/CloudGradientTexture.uexp" 388
"../../../Engine/Content/EngineSky/VolumetricClouds/T_NoiseShape64.ubulk" 389
"../../../Engine/Content/EngineSky/VolumetricClouds/T_NoiseShape64.uasset" 390
"../../../Engine/Content/EngineSky/VolumetricClouds/T_NoiseShape64.uexp" 391
"../../../Engine/Content/EngineSky/VolumetricClouds/T_VolumeNoiseShape64.uasset" 392
"../../../Engine/Content/EngineSky/VolumetricClouds/T_VolumeNoiseShape64.uexp" 393
"../../../Engine/Content/EngineSky/VolumetricClouds/T_NoiseErosion.ubulk" 394
"../../../Engine/Content/EngineSky/VolumetricClouds/T_NoiseErosion.uasset" 395
"../../../Engine/Content/EngineSky/VolumetricClouds/T_NoiseErosion.uexp" 396
"../../../Engine/Content/EngineSky/VolumetricClouds/T_VolumeNoiseErosion32.uasset" 397
"../../../Engine/Content/EngineSky/VolumetricClouds/T_VolumeNoiseErosion32.uexp" 398
"../../../Engine/Content/EngineSky/VolumetricClouds/m_SimpleVolumetricCloud.uasset" 399
"../../../Engine/Content/EngineSky/VolumetricClouds/m_SimpleVolumetricCloud.uexp" 400
"../../../Engine/Content/EngineSky/VolumetricClouds/m_SimpleVolumetricCloud_Inst.uasset" 401
"../../../Engine/Content/EngineSky/VolumetricClouds/m_SimpleVolumetricCloud_Inst.uexp" 402
"../../../Engine/Content/EngineResources/FilmGrains/Marcie_Grain_v3_128_M2_000.uasset" 403
"../../../Engine/Content/EngineResources/FilmGrains/Marcie_Grain_v3_128_M2_000.uexp" 404
"../../../Engine/Content/EngineResources/WhiteSquareTexture.uasset" 405
"../../../Engine/Content/EngineResources/WhiteSquareTexture.uexp" 406
"../../../Engine/Content/EngineMaterials/Widget3DPassThrough.uasset" 407
"../../../Engine/Content/EngineMaterials/Widget3DPassThrough.uexp" 408
"../../../Engine/Content/EngineMaterials/Widget3DPassThrough_Translucent.uasset" 409
"../../../Engine/Content/EngineMaterials/Widget3DPassThrough_Translucent.uexp" 410
"../../../Engine/Content/EngineMaterials/Widget3DPassThrough_Translucent_OneSided.uasset" 411
"../../../Engine/Content/EngineMaterials/Widget3DPassThrough_Translucent_OneSided.uexp" 412
"../../../Engine/Content/EngineMaterials/Widget3DPassThrough_Opaque.uasset" 413
"../../../Engine/Content/EngineMaterials/Widget3DPassThrough_Opaque.uexp" 414
"../../../Engine/Content/EngineMaterials/Widget3DPassThrough_Opaque_OneSided.uasset" 415
"../../../Engine/Content/EngineMaterials/Widget3DPassThrough_Opaque_OneSided.uexp" 416
"../../../Engine/Content/EngineMaterials/Widget3DPassThrough_Masked_OneSided.uasset" 417
"../../../Engine/Content/EngineMaterials/Widget3DPassThrough_Masked_OneSided.uexp" 418
"../../../Engine/Content/EngineMaterials/Widget3DPassThrough_Masked.uasset" 419
"../../../Engine/Content/EngineMaterials/Widget3DPassThrough_Masked.uexp" 420
"../../../Engine/Plugins/Runtime/MeshModelingToolset/Content/Materials/M_DynamicMeshComponentVtxColor.uasset" 421
"../../../Engine/Plugins/Runtime/MeshModelingToolset/Content/Materials/M_DynamicMeshComponentVtxColor.uexp" 422
"../../../Engine/Content/EngineMaterials/STBlueNoise_vec2_128x128x64.uasset" 423
"../../../Engine/Content/EngineMaterials/STBlueNoise_vec2_128x128x64.uexp" 424
"../../../Engine/Content/EngineMaterials/STBlueNoise_scalar_128x128x64.uasset" 425
"../../../Engine/Content/EngineMaterials/STBlueNoise_scalar_128x128x64.uexp" 426
"../../../Engine/Content/EngineMaterials/RemoveSurfaceMaterial.uasset" 427
"../../../Engine/Content/EngineMaterials/RemoveSurfaceMaterial.uexp" 428
"../../../Engine/Content/EngineMaterials/DefaultCalibrationGrayscale.uasset" 429
"../../../Engine/Content/EngineMaterials/DefaultCalibrationGrayscale.uexp" 430
"../../../Engine/Content/EngineMaterials/PPM_DefaultCalibrationGrayscale.uasset" 431
"../../../Engine/Content/EngineMaterials/PPM_DefaultCalibrationGrayscale.uexp" 432
"../../../Engine/Content/EngineMaterials/DefaultCalibrationColor.uasset" 433
"../../../Engine/Content/EngineMaterials/DefaultCalibrationColor.uexp" 434
"../../../Engine/Content/EngineMaterials/PPM_DefaultCalibrationColor.uasset" 435
"../../../Engine/Content/EngineMaterials/PPM_DefaultCalibrationColor.uexp" 436
"../../../Engine/Content/Functions/Engine_MaterialFunctions02/WorldPositionOffset/CameraOffset.uasset" 437
"../../../Engine/Content/Functions/Engine_MaterialFunctions02/WorldPositionOffset/CameraOffset.uexp" 438
"../../../Engine/Content/EngineMaterials/PhAT_JointLimitMaterial.uasset" 439
"../../../Engine/Content/EngineMaterials/PhAT_JointLimitMaterial.uexp" 440
"../../../Engine/Content/EngineMaterials/InvalidLightmapSettings.ubulk" 441
"../../../Engine/Content/EngineMaterials/InvalidLightmapSettings.uasset" 442
"../../../Engine/Content/EngineMaterials/InvalidLightmapSettings.uexp" 443
"../../../Engine/Content/EngineMaterials/M_InvalidLightmapSettings.uasset" 444
"../../../Engine/Content/EngineMaterials/M_InvalidLightmapSettings.uexp" 445
"../../../Engine/Plugins/Interchange/Runtime/Content/gltf/Textures/T_Gray_Linear.uasset" 446
"../../../Engine/Plugins/Interchange/Runtime/Content/gltf/Textures/T_Gray_Linear.uexp" 447
"../../../Engine/Plugins/Interchange/Runtime/Content/Materials/MapOrLinearColorFunction.uasset" 448
"../../../Engine/Plugins/Interchange/Runtime/Content/Materials/MapOrLinearColorFunction.uexp" 449
"../../../Engine/Content/EngineMaterials/DefaultNormal.ubulk" 450
"../../../Engine/Content/EngineMaterials/DefaultNormal.uasset" 451
"../../../Engine/Content/EngineMaterials/DefaultNormal.uexp" 452
"../../../Engine/Plugins/Interchange/Runtime/Content/Materials/MapOrScalarFunction.uasset" 453
"../../../Engine/Plugins/Interchange/Runtime/Content/Materials/MapOrScalarFunction.uexp" 454
"../../../Engine/Plugins/Interchange/Runtime/Content/Materials/MapOrColorFunction.uasset" 455
"../../../Engine/Plugins/Interchange/Runtime/Content/Materials/MapOrColorFunction.uexp" 456
"../../../Engine/Content/EngineMaterials/BaseFlattenLinearColor.uasset" 457
"../../../Engine/Content/EngineMaterials/BaseFlattenLinearColor.uexp" 458
"../../../Engine/Plugins/Interchange/Runtime/Content/Materials/CommonMaterial.uasset" 459
"../../../Engine/Plugins/Interchange/Runtime/Content/Materials/CommonMaterial.uexp" 460
"../../../Engine/Plugins/Interchange/Runtime/Content/Materials/PBRSurfaceFunction.uasset" 461
"../../../Engine/Plugins/Interchange/Runtime/Content/Materials/PBRSurfaceFunction.uexp" 462
"../../../Engine/Plugins/Interchange/Runtime/Content/Materials/ClearCoatMaterial.uasset" 463
"../../../Engine/Plugins/Interchange/Runtime/Content/Materials/ClearCoatMaterial.uexp" 464
"../../../Engine/Plugins/Interchange/Runtime/Content/Materials/UnlitMaterial.uasset" 465
"../../../Engine/Plugins/Interchange/Runtime/Content/Materials/UnlitMaterial.uexp" 466
"../../../Engine/Content/EngineMaterials/GizmoMaterial.uasset" 467
"../../../Engine/Content/EngineMaterials/GizmoMaterial.uexp" 468
"../../../Engine/Content/EngineMaterials/BaseFlattenEmissiveMap_VT.uasset" 469
"../../../Engine/Content/EngineMaterials/BaseFlattenEmissiveMap_VT.uexp" 470
"../../../Engine/Content/EngineMaterials/BaseFlattenGrayscaleMap_VT.uasset" 471
"../../../Engine/Content/EngineMaterials/BaseFlattenGrayscaleMap_VT.uexp" 472
"../../../Engine/Content/EngineMaterials/BaseFlattenLinearColor_VT.uasset" 473
"../../../Engine/Content/EngineMaterials/BaseFlattenLinearColor_VT.uexp" 474
"../../../Engine/Content/EngineMaterials/Black_1x1_EXR_Texture_VT.uasset" 475
"../../../Engine/Content/EngineMaterials/Black_1x1_EXR_Texture_VT.uexp" 476
"../../../Engine/Content/EngineMaterials/BaseFlattenDiffuseMap_VT.uasset" 477
"../../../Engine/Content/EngineMaterials/BaseFlattenDiffuseMap_VT.uexp" 478
"../../../Engine/Content/EngineMaterials/BaseFlattenNormalMap_VT.uasset" 479
"../../../Engine/Content/EngineMaterials/BaseFlattenNormalMap_VT.uexp" 480
"../../../Engine/Content/EngineMaterials/FlattenMaterial_WS_Normal_VT.uasset" 481
"../../../Engine/Content/EngineMaterials/FlattenMaterial_WS_Normal_VT.uexp" 482
"../../../Engine/Content/EngineMaterials/FlattenMaterial_VT.uasset" 483
"../../../Engine/Content/EngineMaterials/FlattenMaterial_VT.uexp" 484
"../../../Engine/Content/EngineMaterials/BaseFlattenNormalMap.uasset" 485
"../../../Engine/Content/EngineMaterials/BaseFlattenNormalMap.uexp" 486
"../../../Engine/Content/EngineMaterials/BaseFlattenGrayscaleMap.uasset" 487
"../../../Engine/Content/EngineMaterials/BaseFlattenGrayscaleMap.uexp" 488
"../../../Engine/Content/EngineMaterials/BaseFlattenDiffuseMap.uasset" 489
"../../../Engine/Content/EngineMaterials/BaseFlattenDiffuseMap.uexp" 490
"../../../Engine/Content/Functions/Engine_MaterialFunctions02/PivotPainter2/Black_1x1_EXR_Texture.uasset" 491
"../../../Engine/Content/Functions/Engine_MaterialFunctions02/PivotPainter2/Black_1x1_EXR_Texture.uexp" 492
"../../../Engine/Content/EngineMaterials/BaseFlattenEmissiveMap.uasset" 493
"../../../Engine/Content/EngineMaterials/BaseFlattenEmissiveMap.uexp" 494
"../../../Engine/Content/EngineMaterials/FlattenMaterial.uasset" 495
"../../../Engine/Content/EngineMaterials/FlattenMaterial.uexp" 496
"../../../Engine/Content/EngineMaterials/DefaultWhiteGrid_Low.uasset" 497
"../../../Engine/Content/EngineMaterials/DefaultWhiteGrid_Low.uexp" 498
"../../../Engine/Content/EngineMaterials/EmissiveMeshMaterial.uasset" 499
"../../../Engine/Content/EngineMaterials/EmissiveMeshMaterial.uexp" 500
"../../../Engine/Plugins/Interchange/Runtime/Content/Pipelines/DefaultTexturePipeline.uasset" 501
"../../../Engine/Plugins/Interchange/Runtime/Content/Pipelines/DefaultTexturePipeline.uexp" 502
"../../../Engine/Content/EngineFonts/RobotoDistanceField.uasset" 503
"../../../Engine/Content/EngineFonts/RobotoDistanceField.uexp" 504
"../../../Engine/Content/EngineMaterials/DefaultTextMaterialOpaque.uasset" 505
"../../../Engine/Content/EngineMaterials/DefaultTextMaterialOpaque.uexp" 506
"../../../Engine/Content/Functions/Engine_MaterialFunctions01/Shading/PowerToRoughness.uasset" 507
"../../../Engine/Content/Functions/Engine_MaterialFunctions01/Shading/PowerToRoughness.uexp" 508
"../../../Engine/Content/EngineMaterials/DefaultDiffuse.ubulk" 509
"../../../Engine/Content/EngineMaterials/DefaultDiffuse.uasset" 510
"../../../Engine/Content/EngineMaterials/DefaultDiffuse.uexp" 511
"../../../Engine/Content/EngineMaterials/DefaultPostProcessMaterial.uasset" 512
"../../../Engine/Content/EngineMaterials/DefaultPostProcessMaterial.uexp" 513
"../../../Engine/Content/EngineMaterials/DefaultPhysicalMaterial.uasset" 514
"../../../Engine/Content/EngineMaterials/DefaultPhysicalMaterial.uexp" 515
"../../../Engine/Content/EngineMaterials/DefaultLightFunctionMaterial.uasset" 516
"../../../Engine/Content/EngineMaterials/DefaultLightFunctionMaterial.uexp" 517
"../../../Engine/Content/EngineMaterials/DefaultDestructiblePhysicalMaterial.uasset" 518
"../../../Engine/Content/EngineMaterials/DefaultDestructiblePhysicalMaterial.uexp" 519
"../../../Engine/Content/EngineMaterials/DefaultDeferredDecalMaterial.uasset" 520
"../../../Engine/Content/EngineMaterials/DefaultDeferredDecalMaterial.uexp" 521
"../../../Engine/Plugins/Interchange/Runtime/Content/gltf/Textures/T_Black_srgb.uasset" 522
"../../../Engine/Plugins/Interchange/Runtime/Content/gltf/Textures/T_Black_srgb.uexp" 523
"../../../Engine/Content/EngineMaterials/DefaultBloomKernel.uasset" 524
"../../../Engine/Content/EngineMaterials/DefaultBloomKernel.uexp" 525
"../../../Engine/Plugins/Interchange/Runtime/Content/Materials/ThinTranslucentMaterial.uasset" 526
"../../../Engine/Plugins/Interchange/Runtime/Content/Materials/ThinTranslucentMaterial.uexp" 527
"../../../Engine/Plugins/Interchange/Runtime/Content/Materials/SubsurfaceMaterial.uasset" 528
"../../../Engine/Plugins/Interchange/Runtime/Content/Materials/SubsurfaceMaterial.uexp" 529
"../../../Engine/Plugins/Interchange/Runtime/Content/Materials/SheenMaterial.uasset" 530
"../../../Engine/Plugins/Interchange/Runtime/Content/Materials/SheenMaterial.uexp" 531
"../../../Engine/Content/Functions/Engine_MaterialFunctions01/Shading/ConvertFromDiffSpec.uasset" 532
"../../../Engine/Content/Functions/Engine_MaterialFunctions01/Shading/ConvertFromDiffSpec.uexp" 533
"../../../Engine/Plugins/Interchange/Runtime/Content/Materials/PhongSurfaceMaterial.uasset" 534
"../../../Engine/Plugins/Interchange/Runtime/Content/Materials/PhongSurfaceMaterial.uexp" 535
"../../../Engine/Plugins/Interchange/Runtime/Content/Materials/PBRSurfaceMaterial.uasset" 536
"../../../Engine/Plugins/Interchange/Runtime/Content/Materials/PBRSurfaceMaterial.uexp" 537
"../../../Engine/Plugins/Interchange/Runtime/Content/Materials/LambertSurfaceMaterial.uasset" 538
"../../../Engine/Plugins/Interchange/Runtime/Content/Materials/LambertSurfaceMaterial.uexp" 539
"../../../Engine/Content/EngineFonts/Faces/RobotoLight.uexp" 540
"../../../Engine/Content/EngineFonts/Faces/RobotoLight.uasset" 541
"../../../Engine/Content/EngineFonts/Faces/RobotoLight.ufont" 542
"../../../Engine/Content/EngineFonts/Faces/RobotoBold.uexp" 543
"../../../Engine/Content/EngineFonts/Faces/RobotoBold.uasset" 544
"../../../Engine/Content/EngineFonts/Faces/RobotoBold.ufont" 545
"../../../Engine/Content/EngineFonts/Faces/RobotoRegular.uexp" 546
"../../../Engine/Content/EngineFonts/Faces/RobotoRegular.uasset" 547
"../../../Engine/Content/EngineFonts/Faces/RobotoRegular.ufont" 548
"../../../Engine/Content/EngineFonts/Faces/DroidSansFallback.uexp" 549
"../../../Engine/Content/EngineFonts/Faces/DroidSansFallback.uasset" 550
"../../../Engine/Content/EngineFonts/Faces/DroidSansFallback.ufont" 551
"../../../Engine/Content/EngineFonts/Faces/RobotoItalic.uexp" 552
"../../../Engine/Content/EngineFonts/Faces/RobotoItalic.uasset" 553
"../../../Engine/Content/EngineFonts/Faces/RobotoItalic.ufont" 554
"../../../Engine/Content/EngineFonts/Faces/RobotoBoldItalic.uexp" 555
"../../../Engine/Content/EngineFonts/Faces/RobotoBoldItalic.uasset" 556
"../../../Engine/Content/EngineFonts/Faces/RobotoBoldItalic.ufont" 557
"../../../Engine/Content/EngineFonts/Roboto.uasset" 558
"../../../Engine/Content/EngineFonts/Roboto.uexp" 559
"../../../Engine/Content/Functions/Engine_MaterialFunctions02/Utility/CameraDirectionVector.uasset" 560
"../../../Engine/Content/Functions/Engine_MaterialFunctions02/Utility/CameraDirectionVector.uexp" 561
"../../../Engine/Content/EngineDebugMaterials/VolumeToRender.uasset" 562
"../../../Engine/Content/EngineDebugMaterials/VolumeToRender.uexp" 563
"../../../Engine/Content/EngineDebugMaterials/M_VolumeRenderSphereTracePP.uasset" 564
"../../../Engine/Content/EngineDebugMaterials/M_VolumeRenderSphereTracePP.uexp" 565
"../../../Engine/Content/EngineDebugMaterials/M_SimpleUnlitTranslucent.uasset" 566
"../../../Engine/Content/EngineDebugMaterials/M_SimpleUnlitTranslucent.uexp" 567
"../../../Engine/Content/EngineDebugMaterials/DebugMeshMaterial.uasset" 568
"../../../Engine/Content/EngineDebugMaterials/DebugMeshMaterial.uexp" 569
"../../../Engine/Content/EngineDebugMaterials/DebugEditorMaterial.uasset" 570
"../../../Engine/Content/EngineDebugMaterials/DebugEditorMaterial.uexp" 571
"../../../Engine/Content/EngineDamageTypes/DmgTypeBP_Environmental.uasset" 572
"../../../Engine/Content/EngineDamageTypes/DmgTypeBP_Environmental.uexp" 573
"../../../Engine/Content/EditorResources/S_Terrain.ubulk" 574
"../../../Engine/Content/EditorResources/S_Terrain.uasset" 575
"../../../Engine/Content/EditorResources/S_Terrain.uexp" 576
"../../../Engine/Content/EditorResources/EmptyActor.uasset" 577
"../../../Engine/Content/EditorResources/EmptyActor.uexp" 578
"../../../Engine/Content/EditorResources/BSPVertex.uasset" 579
"../../../Engine/Content/EditorResources/BSPVertex.uexp" 580
"../../../Engine/Content/EditorResources/SequenceRecorder/RecordingIndicator.uasset" 581
"../../../Engine/Content/EditorResources/SequenceRecorder/RecordingIndicator.uexp" 582
"../../../Engine/Content/EditorResources/SequenceRecorder/Countdown.uasset" 583
"../../../Engine/Content/EditorResources/SequenceRecorder/Countdown.uexp" 584
"../../../Engine/Content/EditorResources/AudioIcons/S_AudioComponent_AutoActivate.uasset" 585
"../../../Engine/Content/EditorResources/AudioIcons/S_AudioComponent_AutoActivate.uexp" 586
"../../../Engine/Content/EditorMaterials/PreviewShadowIndicator.ubulk" 587
"../../../Engine/Content/EditorMaterials/PreviewShadowIndicator.uasset" 588
"../../../Engine/Content/EditorMaterials/PreviewShadowIndicator.uexp" 589
"../../../Engine/Content/EditorMaterials/PreviewShadowIndicatorMaterial.uasset" 590
"../../../Engine/Content/EditorMaterials/PreviewShadowIndicatorMaterial.uexp" 591
"../../../Engine/Content/EditorMaterials/PhAT_UnselectedMaterial.uasset" 592
"../../../Engine/Content/EditorMaterials/PhAT_UnselectedMaterial.uexp" 593
"../../../Engine/Content/EditorMaterials/PhAT_NoCollisionMaterial.uasset" 594
"../../../Engine/Content/EditorMaterials/PhAT_NoCollisionMaterial.uexp" 595
"../../../Engine/Content/Functions/Engine_MaterialFunctions02/Utility/MakeFloat4.uasset" 596
"../../../Engine/Content/Functions/Engine_MaterialFunctions02/Utility/MakeFloat4.uexp" 597
"../../../Engine/Content/Functions/Engine_MaterialFunctions02/Utility/MakeFloat3.uasset" 598
"../../../Engine/Content/Functions/Engine_MaterialFunctions02/Utility/MakeFloat3.uexp" 599
"../../../Engine/Content/Functions/Engine_MaterialFunctions02/Utility/BreakOutFloat3Components.uasset" 600
"../../../Engine/Content/Functions/Engine_MaterialFunctions02/Utility/BreakOutFloat3Components.uexp" 601
"../../../Engine/Content/EditorMaterials/WorldPartition/WorldPartitionSpatialHashGridPreviewMaterial.uasset" 602
"../../../Engine/Content/EditorMaterials/WorldPartition/WorldPartitionSpatialHashGridPreviewMaterial.uexp" 603
"../../../Engine/Content/EditorLandscapeResources/DefaultAlphaTexture.uasset" 604
"../../../Engine/Content/EditorLandscapeResources/DefaultAlphaTexture.uexp" 605
"../../../Engine/Content/EditorLandscapeResources/DataLayer.uasset" 606
"../../../Engine/Content/EditorLandscapeResources/DataLayer.uexp" 607
"../../../Engine/Content/EngineMaterials/FlatNormal.uasset" 608
"../../../Engine/Content/EngineMaterials/FlatNormal.uexp" 609
"../../../Engine/Plugins/Interchange/Runtime/Content/Functions/MF_OrenNayerView.uasset" 610
"../../../Engine/Plugins/Interchange/Runtime/Content/Functions/MF_OrenNayerView.uexp" 611
"../../../Engine/Content/EditorLandscapeResources/WhiteSquareTexture.uasset" 612
"../../../Engine/Content/EditorLandscapeResources/WhiteSquareTexture.uexp" 613
"../../../Engine/Plugins/Interchange/Runtime/Content/Functions/MF_SchlickApprox.uasset" 614
"../../../Engine/Plugins/Interchange/Runtime/Content/Functions/MF_SchlickApprox.uexp" 615
"../../../Engine/Plugins/Interchange/Runtime/Content/Utilities/New_LUT.uasset" 616
"../../../Engine/Plugins/Interchange/Runtime/Content/Utilities/New_LUT.uexp" 617
"../../../Engine/Content/Functions/Engine_MaterialFunctions03/Math/RemapValueRange.uasset" 618
"../../../Engine/Content/Functions/Engine_MaterialFunctions03/Math/RemapValueRange.uexp" 619
"../../../Engine/Plugins/Interchange/Runtime/Content/Functions/MF_Iridescence.uasset" 620
"../../../Engine/Plugins/Interchange/Runtime/Content/Functions/MF_Iridescence.uexp" 621
"../../../Engine/Plugins/Interchange/Runtime/Content/Materials/OrenNayerMaterial.uasset" 622
"../../../Engine/Plugins/Interchange/Runtime/Content/Materials/OrenNayerMaterial.uexp" 623
"../../../Engine/Content/MobileResources/HUD/VirtualJoystick_Background.uasset" 624
"../../../Engine/Content/MobileResources/HUD/VirtualJoystick_Background.uexp" 625
"../../../Engine/Content/MobileResources/HUD/VirtualJoystick_Thumb.uasset" 626
"../../../Engine/Content/MobileResources/HUD/VirtualJoystick_Thumb.uexp" 627
"../../../Engine/Content/MobileResources/HUD/DefaultVirtualJoysticks.uasset" 628
"../../../Engine/Content/MobileResources/HUD/DefaultVirtualJoysticks.uexp" 629
"../../../Engine/Content/Maps/Templates/HLODs/HLODLayer_Merged.uasset" 630
"../../../Engine/Content/Maps/Templates/HLODs/HLODLayer_Merged.uexp" 631
"../../../Engine/Plugins/Animation/ControlRig/Content/M_Manip.uasset" 632
"../../../Engine/Plugins/Animation/ControlRig/Content/M_Manip.uexp" 633
"../../../Engine/Plugins/Animation/ControlRig/Content/Controls/DefaultGizmoLibraryNormalized.uasset" 634
"../../../Engine/Plugins/Animation/ControlRig/Content/Controls/DefaultGizmoLibraryNormalized.uexp" 635
"../../../Engine/Plugins/Animation/ControlRig/Content/Controls/ControlRig_Wedge_solid.ubulk" 636
"../../../Engine/Plugins/Animation/ControlRig/Content/Controls/ControlRig_Wedge_solid.uasset" 637
"../../../Engine/Plugins/Animation/ControlRig/Content/Controls/ControlRig_Wedge_solid.uexp" 638
"../../../Engine/Plugins/Animation/ControlRig/Content/Controls/ControlRig_Wedge_3mm.ubulk" 639
"../../../Engine/Plugins/Animation/ControlRig/Content/Controls/ControlRig_Wedge_3mm.uasset" 640
"../../../Engine/Plugins/Animation/ControlRig/Content/Controls/ControlRig_Wedge_3mm.uexp" 641
"../../../Engine/Plugins/Animation/ControlRig/Content/Controls/ControlRig_Wedge_1mm.ubulk" 642
"../../../Engine/Plugins/Animation/ControlRig/Content/Controls/ControlRig_Wedge_1mm.uasset" 643
"../../../Engine/Plugins/Animation/ControlRig/Content/Controls/ControlRig_Wedge_1mm.uexp" 644
"../../../Engine/Plugins/Animation/ControlRig/Content/Controls/ControlRig_Triangle_solid.ubulk" 645
"../../../Engine/Plugins/Animation/ControlRig/Content/Controls/ControlRig_Triangle_solid.uasset" 646
"../../../Engine/Plugins/Animation/ControlRig/Content/Controls/ControlRig_Triangle_solid.uexp" 647
"../../../Engine/Plugins/Animation/ControlRig/Content/Controls/ControlRig_Triangle_3mm.ubulk" 648
"../../../Engine/Plugins/Animation/ControlRig/Content/Controls/ControlRig_Triangle_3mm.uasset" 649
"../../../Engine/Plugins/Animation/ControlRig/Content/Controls/ControlRig_Triangle_3mm.uexp" 650
"../../../Engine/Plugins/Animation/ControlRig/Content/Controls/ControlRig_Triangle_1mm.ubulk" 651
"../../../Engine/Plugins/Animation/ControlRig/Content/Controls/ControlRig_Triangle_1mm.uasset" 652
"../../../Engine/Plugins/Animation/ControlRig/Content/Controls/ControlRig_Triangle_1mm.uexp" 653
"../../../Engine/Plugins/Animation/ControlRig/Content/Controls/ControlRig_Star4_solid.ubulk" 654
"../../../Engine/Plugins/Animation/ControlRig/Content/Controls/ControlRig_Star4_solid.uasset" 655
"../../../Engine/Plugins/Animation/ControlRig/Content/Controls/ControlRig_Star4_solid.uexp" 656
"../../../Engine/Plugins/Animation/ControlRig/Content/Controls/ControlRig_Star4_3mm.ubulk" 657
"../../../Engine/Plugins/Animation/ControlRig/Content/Controls/ControlRig_Star4_3mm.uasset" 658
"../../../Engine/Plugins/Animation/ControlRig/Content/Controls/ControlRig_Star4_3mm.uexp" 659
"../../../Engine/Plugins/Animation/ControlRig/Content/Controls/ControlRig_Star4_1mm.ubulk" 660
"../../../Engine/Plugins/Animation/ControlRig/Content/Controls/ControlRig_Star4_1mm.uasset" 661
"../../../Engine/Plugins/Animation/ControlRig/Content/Controls/ControlRig_Star4_1mm.uexp" 662
"../../../Engine/Plugins/Animation/ControlRig/Content/Controls/ControlRig_Square_solid.ubulk" 663
"../../../Engine/Plugins/Animation/ControlRig/Content/Controls/ControlRig_Square_solid.uasset" 664
"../../../Engine/Plugins/Animation/ControlRig/Content/Controls/ControlRig_Square_solid.uexp" 665
"../../../Engine/Plugins/Animation/ControlRig/Content/Controls/ControlRig_Square_3mm.ubulk" 666
"../../../Engine/Plugins/Animation/ControlRig/Content/Controls/ControlRig_Square_3mm.uasset" 667
"../../../Engine/Plugins/Animation/ControlRig/Content/Controls/ControlRig_Square_3mm.uexp" 668
"../../../Engine/Plugins/Animation/ControlRig/Content/Controls/ControlRig_Square_1mm.ubulk" 669
"../../../Engine/Plugins/Animation/ControlRig/Content/Controls/ControlRig_Square_1mm.uasset" 670
"../../../Engine/Plugins/Animation/ControlRig/Content/Controls/ControlRig_Square_1mm.uexp" 671
"../../../Engine/Plugins/Animation/ControlRig/Content/Controls/ControlRig_Sphere_solid.ubulk" 672
"../../../Engine/Plugins/Animation/ControlRig/Content/Controls/ControlRig_Sphere_solid.uasset" 673
"../../../Engine/Plugins/Animation/ControlRig/Content/Controls/ControlRig_Sphere_solid.uexp" 674
"../../../Engine/Plugins/Animation/ControlRig/Content/Controls/ControlRig_Sphere_3mm.ubulk" 675
"../../../Engine/Plugins/Animation/ControlRig/Content/Controls/ControlRig_Sphere_3mm.uasset" 676
"../../../Engine/Plugins/Animation/ControlRig/Content/Controls/ControlRig_Sphere_3mm.uexp" 677
"../../../Engine/Plugins/Animation/ControlRig/Content/Controls/ControlRig_Sphere_1mm.ubulk" 678
"../../../Engine/Plugins/Animation/ControlRig/Content/Controls/ControlRig_Sphere_1mm.uasset" 679
"../../../Engine/Plugins/Animation/ControlRig/Content/Controls/ControlRig_Sphere_1mm.uexp" 680
"../../../Engine/Plugins/Animation/ControlRig/Content/Controls/ControlRig_RoundedTriangle_solid.ubulk" 681
"../../../Engine/Plugins/Animation/ControlRig/Content/Controls/ControlRig_RoundedTriangle_solid.uasset" 682
"../../../Engine/Plugins/Animation/ControlRig/Content/Controls/ControlRig_RoundedTriangle_solid.uexp" 683
"../../../Engine/Plugins/Animation/ControlRig/Content/Controls/ControlRig_RoundedTriangle_3mm.ubulk" 684
"../../../Engine/Plugins/Animation/ControlRig/Content/Controls/ControlRig_RoundedTriangle_3mm.uasset" 685
"../../../Engine/Plugins/Animation/ControlRig/Content/Controls/ControlRig_RoundedTriangle_3mm.uexp" 686
"../../../Engine/Plugins/Animation/ControlRig/Content/Controls/ControlRig_RoundedTriangle_1mm.ubulk" 687
"../../../Engine/Plugins/Animation/ControlRig/Content/Controls/ControlRig_RoundedTriangle_1mm.uasset" 688
"../../../Engine/Plugins/Animation/ControlRig/Content/Controls/ControlRig_RoundedTriangle_1mm.uexp" 689
"../../../Engine/Plugins/Animation/ControlRig/Content/Controls/ControlRig_RoundedSquare_solid.ubulk" 690
"../../../Engine/Plugins/Animation/ControlRig/Content/Controls/ControlRig_RoundedSquare_solid.uasset" 691
"../../../Engine/Plugins/Animation/ControlRig/Content/Controls/ControlRig_RoundedSquare_solid.uexp" 692
"../../../Engine/Plugins/Animation/ControlRig/Content/Controls/ControlRig_RoundedSquare_3mm.ubulk" 693
"../../../Engine/Plugins/Animation/ControlRig/Content/Controls/ControlRig_RoundedSquare_3mm.uasset" 694
"../../../Engine/Plugins/Animation/ControlRig/Content/Controls/ControlRig_RoundedSquare_3mm.uexp" 695
"../../../Engine/Plugins/Animation/ControlRig/Content/Controls/ControlRig_RoundedSquare_1mm.ubulk" 696
"../../../Engine/Plugins/Animation/ControlRig/Content/Controls/ControlRig_RoundedSquare_1mm.uasset" 697
"../../../Engine/Plugins/Animation/ControlRig/Content/Controls/ControlRig_RoundedSquare_1mm.uexp" 698
"../../../Engine/Plugins/Animation/ControlRig/Content/Controls/ControlRig_QuarterCircle_solid.ubulk" 699
"../../../Engine/Plugins/Animation/ControlRig/Content/Controls/ControlRig_QuarterCircle_solid.uasset" 700
"../../../Engine/Plugins/Animation/ControlRig/Content/Controls/ControlRig_QuarterCircle_solid.uexp" 701
"../../../Engine/Plugins/Animation/ControlRig/Content/Controls/ControlRig_QuarterCircle_3mm.ubulk" 702
"../../../Engine/Plugins/Animation/ControlRig/Content/Controls/ControlRig_QuarterCircle_3mm.uasset" 703
"../../../Engine/Plugins/Animation/ControlRig/Content/Controls/ControlRig_QuarterCircle_3mm.uexp" 704
"../../../Engine/Plugins/Animation/ControlRig/Content/Controls/ControlRig_QuarterCircle_1mm.ubulk" 705
"../../../Engine/Plugins/Animation/ControlRig/Content/Controls/ControlRig_QuarterCircle_1mm.uasset" 706
"../../../Engine/Plugins/Animation/ControlRig/Content/Controls/ControlRig_QuarterCircle_1mm.uexp" 707
"../../../Engine/Plugins/Animation/ControlRig/Content/Controls/ControlRig_Pyramid_solid.ubulk" 708
"../../../Engine/Plugins/Animation/ControlRig/Content/Controls/ControlRig_Pyramid_solid.uasset" 709
"../../../Engine/Plugins/Animation/ControlRig/Content/Controls/ControlRig_Pyramid_solid.uexp" 710
"../../../Engine/Plugins/Animation/ControlRig/Content/Controls/ControlRig_Pyramid_3mm.ubulk" 711
"../../../Engine/Plugins/Animation/ControlRig/Content/Controls/ControlRig_Pyramid_3mm.uasset" 712
"../../../Engine/Plugins/Animation/ControlRig/Content/Controls/ControlRig_Pyramid_3mm.uexp" 713
"../../../Engine/Plugins/Animation/ControlRig/Content/Controls/ControlRig_Pyramid_1mm.ubulk" 714
"../../../Engine/Plugins/Animation/ControlRig/Content/Controls/ControlRig_Pyramid_1mm.uasset" 715
"../../../Engine/Plugins/Animation/ControlRig/Content/Controls/ControlRig_Pyramid_1mm.uexp" 716
"../../../Engine/Plugins/Animation/ControlRig/Content/Controls/ControlRig_Octagon_solid.ubulk" 717
"../../../Engine/Plugins/Animation/ControlRig/Content/Controls/ControlRig_Octagon_solid.uasset" 718
"../../../Engine/Plugins/Animation/ControlRig/Content/Controls/ControlRig_Octagon_solid.uexp" 719
"../../../Engine/Plugins/Animation/ControlRig/Content/Controls/ControlRig_Octagon_3mm.ubulk" 720
"../../../Engine/Plugins/Animation/ControlRig/Content/Controls/ControlRig_Octagon_3mm.uasset" 721
"../../../Engine/Plugins/Animation/ControlRig/Content/Controls/ControlRig_Octagon_3mm.uexp" 722
"../../../Engine/Plugins/Animation/ControlRig/Content/Controls/ControlRig_Octagon_1mm.ubulk" 723
"../../../Engine/Plugins/Animation/ControlRig/Content/Controls/ControlRig_Octagon_1mm.uasset" 724
"../../../Engine/Plugins/Animation/ControlRig/Content/Controls/ControlRig_Octagon_1mm.uexp" 725
"../../../Engine/Plugins/Animation/ControlRig/Content/Controls/ControlRig_Hexagon_solid.ubulk" 726
"../../../Engine/Plugins/Animation/ControlRig/Content/Controls/ControlRig_Hexagon_solid.uasset" 727
"../../../Engine/Plugins/Animation/ControlRig/Content/Controls/ControlRig_Hexagon_solid.uexp" 728
"../../../Engine/Plugins/Animation/ControlRig/Content/Controls/ControlRig_Hexagon_3mm.ubulk" 729
"../../../Engine/Plugins/Animation/ControlRig/Content/Controls/ControlRig_Hexagon_3mm.uasset" 730
"../../../Engine/Plugins/Animation/ControlRig/Content/Controls/ControlRig_Hexagon_3mm.uexp" 731
"../../../Engine/Plugins/Animation/ControlRig/Content/Controls/ControlRig_Hexagon_1mm.ubulk" 732
"../../../Engine/Plugins/Animation/ControlRig/Content/Controls/ControlRig_Hexagon_1mm.uasset" 733
"../../../Engine/Plugins/Animation/ControlRig/Content/Controls/ControlRig_Hexagon_1mm.uexp" 734
"../../../Engine/Plugins/Animation/ControlRig/Content/Controls/ControlRig_HalfCircle_solid.ubulk" 735
"../../../Engine/Plugins/Animation/ControlRig/Content/Controls/ControlRig_HalfCircle_solid.uasset" 736
"../../../Engine/Plugins/Animation/ControlRig/Content/Controls/ControlRig_HalfCircle_solid.uexp" 737
"../../../Engine/Plugins/Animation/ControlRig/Content/Controls/ControlRig_HalfCircle_3mm.ubulk" 738
"../../../Engine/Plugins/Animation/ControlRig/Content/Controls/ControlRig_HalfCircle_3mm.uasset" 739
"../../../Engine/Plugins/Animation/ControlRig/Content/Controls/ControlRig_HalfCircle_3mm.uexp" 740
"../../../Engine/Plugins/Animation/ControlRig/Content/Controls/ControlRig_HalfCircle_1mm.ubulk" 741
"../../../Engine/Plugins/Animation/ControlRig/Content/Controls/ControlRig_HalfCircle_1mm.uasset" 742
"../../../Engine/Plugins/Animation/ControlRig/Content/Controls/ControlRig_HalfCircle_1mm.uexp" 743
"../../../Engine/Plugins/Animation/ControlRig/Content/Controls/ControlRig_Diamond_solid.ubulk" 744
"../../../Engine/Plugins/Animation/ControlRig/Content/Controls/ControlRig_Diamond_solid.uasset" 745
"../../../Engine/Plugins/Animation/ControlRig/Content/Controls/ControlRig_Diamond_solid.uexp" 746
"../../../Engine/Plugins/Animation/ControlRig/Content/Controls/ControlRig_Diamond_3mm.ubulk" 747
"../../../Engine/Plugins/Animation/ControlRig/Content/Controls/ControlRig_Diamond_3mm.uasset" 748
"../../../Engine/Plugins/Animation/ControlRig/Content/Controls/ControlRig_Diamond_3mm.uexp" 749
"../../../Engine/Plugins/Animation/ControlRig/Content/Controls/ControlRig_Diamond_1mm.ubulk" 750
"../../../Engine/Plugins/Animation/ControlRig/Content/Controls/ControlRig_Diamond_1mm.uasset" 751
"../../../Engine/Plugins/Animation/ControlRig/Content/Controls/ControlRig_Diamond_1mm.uexp" 752
"../../../Engine/Plugins/Animation/ControlRig/Content/Controls/ControlRig_Circle_solid.ubulk" 753
"../../../Engine/Plugins/Animation/ControlRig/Content/Controls/ControlRig_Circle_solid.uasset" 754
"../../../Engine/Plugins/Animation/ControlRig/Content/Controls/ControlRig_Circle_solid.uexp" 755
"../../../Engine/Plugins/Animation/ControlRig/Content/Controls/ControlRig_Circle_3mm.ubulk" 756
"../../../Engine/Plugins/Animation/ControlRig/Content/Controls/ControlRig_Circle_3mm.uasset" 757
"../../../Engine/Plugins/Animation/ControlRig/Content/Controls/ControlRig_Circle_3mm.uexp" 758
"../../../Engine/Plugins/Animation/ControlRig/Content/Controls/ControlRig_Circle_1mm.ubulk" 759
"../../../Engine/Plugins/Animation/ControlRig/Content/Controls/ControlRig_Circle_1mm.uasset" 760
"../../../Engine/Plugins/Animation/ControlRig/Content/Controls/ControlRig_Circle_1mm.uexp" 761
"../../../Engine/Plugins/Animation/ControlRig/Content/Controls/ControlRig_Box_solid.ubulk" 762
"../../../Engine/Plugins/Animation/ControlRig/Content/Controls/ControlRig_Box_solid.uasset" 763
"../../../Engine/Plugins/Animation/ControlRig/Content/Controls/ControlRig_Box_solid.uexp" 764
"../../../Engine/Plugins/Animation/ControlRig/Content/Controls/ControlRig_Box_3mm.ubulk" 765
"../../../Engine/Plugins/Animation/ControlRig/Content/Controls/ControlRig_Box_3mm.uasset" 766
"../../../Engine/Plugins/Animation/ControlRig/Content/Controls/ControlRig_Box_3mm.uexp" 767
"../../../Engine/Plugins/Animation/ControlRig/Content/Controls/ControlRig_Box_1mm.ubulk" 768
"../../../Engine/Plugins/Animation/ControlRig/Content/Controls/ControlRig_Box_1mm.uasset" 769
"../../../Engine/Plugins/Animation/ControlRig/Content/Controls/ControlRig_Box_1mm.uexp" 770
"../../../Engine/Plugins/Animation/ControlRig/Content/Controls/ControlRig_Arrow_solid.ubulk" 771
"../../../Engine/Plugins/Animation/ControlRig/Content/Controls/ControlRig_Arrow_solid.uasset" 772
"../../../Engine/Plugins/Animation/ControlRig/Content/Controls/ControlRig_Arrow_solid.uexp" 773
"../../../Engine/Plugins/Animation/ControlRig/Content/Controls/ControlRig_Arrow_3mm.ubulk" 774
"../../../Engine/Plugins/Animation/ControlRig/Content/Controls/ControlRig_Arrow_3mm.uasset" 775
"../../../Engine/Plugins/Animation/ControlRig/Content/Controls/ControlRig_Arrow_3mm.uexp" 776
"../../../Engine/Plugins/Animation/ControlRig/Content/Controls/ControlRig_Arrow_1mm.ubulk" 777
"../../../Engine/Plugins/Animation/ControlRig/Content/Controls/ControlRig_Arrow_1mm.uasset" 778
"../../../Engine/Plugins/Animation/ControlRig/Content/Controls/ControlRig_Arrow_1mm.uexp" 779
"../../../Engine/Plugins/Animation/ControlRig/Content/Controls/ControlRig_Arrow4_solid.ubulk" 780
"../../../Engine/Plugins/Animation/ControlRig/Content/Controls/ControlRig_Arrow4_solid.uasset" 781
"../../../Engine/Plugins/Animation/ControlRig/Content/Controls/ControlRig_Arrow4_solid.uexp" 782
"../../../Engine/Plugins/Animation/ControlRig/Content/Controls/ControlRig_Arrow4_3mm.ubulk" 783
"../../../Engine/Plugins/Animation/ControlRig/Content/Controls/ControlRig_Arrow4_3mm.uasset" 784
"../../../Engine/Plugins/Animation/ControlRig/Content/Controls/ControlRig_Arrow4_3mm.uexp" 785
"../../../Engine/Plugins/Animation/ControlRig/Content/Controls/ControlRig_Arrow4_1mm.ubulk" 786
"../../../Engine/Plugins/Animation/ControlRig/Content/Controls/ControlRig_Arrow4_1mm.uasset" 787
"../../../Engine/Plugins/Animation/ControlRig/Content/Controls/ControlRig_Arrow4_1mm.uexp" 788
"../../../Engine/Plugins/Animation/ControlRig/Content/Controls/ControlRig_Arrow2_solid.ubulk" 789
"../../../Engine/Plugins/Animation/ControlRig/Content/Controls/ControlRig_Arrow2_solid.uasset" 790
"../../../Engine/Plugins/Animation/ControlRig/Content/Controls/ControlRig_Arrow2_solid.uexp" 791
"../../../Engine/Plugins/Animation/ControlRig/Content/Controls/ControlRig_Arrow2_3mm.ubulk" 792
"../../../Engine/Plugins/Animation/ControlRig/Content/Controls/ControlRig_Arrow2_3mm.uasset" 793
"../../../Engine/Plugins/Animation/ControlRig/Content/Controls/ControlRig_Arrow2_3mm.uexp" 794
"../../../Engine/Plugins/Animation/ControlRig/Content/Controls/ControlRig_Arrow2_1mm.ubulk" 795
"../../../Engine/Plugins/Animation/ControlRig/Content/Controls/ControlRig_Arrow2_1mm.uasset" 796
"../../../Engine/Plugins/Animation/ControlRig/Content/Controls/ControlRig_Arrow2_1mm.uexp" 797
"../../../Engine/Plugins/Animation/ControlRig/Content/Controls/ControlRigXRayMaterial.uasset" 798
"../../../Engine/Plugins/Animation/ControlRig/Content/Controls/ControlRigXRayMaterial.uexp" 799
"../../../Engine/Plugins/Animation/ControlRig/Content/Controls/ControlRigGizmoMaterial.uasset" 800
"../../../Engine/Plugins/Animation/ControlRig/Content/Controls/ControlRigGizmoMaterial.uexp" 801
"../../../Engine/Plugins/2D/Paper2D/Content/PlaceholderTextures/DummySpriteTexture.ubulk" 802
"../../../Engine/Plugins/2D/Paper2D/Content/PlaceholderTextures/DummySpriteTexture.uasset" 803
"../../../Engine/Plugins/2D/Paper2D/Content/PlaceholderTextures/DummySpriteTexture.uexp" 804
"../../../Engine/Plugins/2D/Paper2D/Content/DefaultSpriteMaterial.uasset" 805
"../../../Engine/Plugins/2D/Paper2D/Content/DefaultSpriteMaterial.uexp" 806
"../../../Engine/Plugins/2D/Paper2D/Content/OpaqueUnlitSpriteMaterial.uasset" 807
"../../../Engine/Plugins/2D/Paper2D/Content/OpaqueUnlitSpriteMaterial.uexp" 808
"../../../Engine/Plugins/2D/Paper2D/Content/MaskedUnlitSpriteMaterial.uasset" 809
"../../../Engine/Plugins/2D/Paper2D/Content/MaskedUnlitSpriteMaterial.uexp" 810
"../../../Engine/Plugins/2D/Paper2D/Content/DummySprite.uasset" 811
"../../../Engine/Plugins/2D/Paper2D/Content/DummySprite.uexp" 812
"../../../Engine/Plugins/2D/Paper2D/Content/DefaultPaperTerrainMaterial.uasset" 813
"../../../Engine/Plugins/2D/Paper2D/Content/DefaultPaperTerrainMaterial.uexp" 814
"../../../Engine/Plugins/Interchange/Runtime/Content/Pipelines/DefaultAssetsPipeline.uasset" 815
"../../../Engine/Plugins/Interchange/Runtime/Content/Pipelines/DefaultAssetsPipeline.uexp" 816
"../../../Engine/Plugins/Editor/SpeedTreeImporter/Content/SpeedTree9/game_wind_noise.ubulk" 817
"../../../Engine/Plugins/Editor/SpeedTreeImporter/Content/SpeedTree9/game_wind_noise.uasset" 818
"../../../Engine/Plugins/Editor/SpeedTreeImporter/Content/SpeedTree9/game_wind_noise.uexp" 819
"../../../Engine/Plugins/Editor/SpeedTreeImporter/Content/SpeedTree9/UnpackDirection.uasset" 820
"../../../Engine/Plugins/Editor/SpeedTreeImporter/Content/SpeedTree9/UnpackDirection.uexp" 821
"../../../Engine/Content/Functions/Engine_MaterialFunctions02/ObjectLocalBounds.uasset" 822
"../../../Engine/Content/Functions/Engine_MaterialFunctions02/ObjectLocalBounds.uexp" 823
"../../../Engine/Content/Functions/Engine_MaterialFunctions02/UVs/BoundingBoxBased_0-1_UVW.uasset" 824
"../../../Engine/Content/Functions/Engine_MaterialFunctions02/UVs/BoundingBoxBased_0-1_UVW.uexp" 825
"../../../Engine/Content/Functions/Engine_MaterialFunctions02/Utility/VectorLength.uasset" 826
"../../../Engine/Content/Functions/Engine_MaterialFunctions02/Utility/VectorLength.uexp" 827
"../../../Engine/Plugins/Editor/SpeedTreeImporter/Content/SpeedTree9/UnpackInteger3.uasset" 828
"../../../Engine/Plugins/Editor/SpeedTreeImporter/Content/SpeedTree9/UnpackInteger3.uexp" 829
"../../../Engine/Plugins/Editor/SpeedTreeImporter/Content/SpeedTree9/SpeedTreeCameraFacing.uasset" 830
"../../../Engine/Plugins/Editor/SpeedTreeImporter/Content/SpeedTree9/SpeedTreeCameraFacing.uexp" 831
"../../../Engine/Content/Functions/Engine_MaterialFunctions02/WorldPositionOffset/ObjectScale.uasset" 832
"../../../Engine/Content/Functions/Engine_MaterialFunctions02/WorldPositionOffset/ObjectScale.uexp" 833
"../../../Engine/Content/Functions/Engine_MaterialFunctions02/SafeNormalize.uasset" 834
"../../../Engine/Content/Functions/Engine_MaterialFunctions02/SafeNormalize.uexp" 835
"../../../Engine/Plugins/Editor/SpeedTreeImporter/Content/SpeedTree9/SpeedTreeWindMotion.uasset" 836
"../../../Engine/Plugins/Editor/SpeedTreeImporter/Content/SpeedTree9/SpeedTreeWindMotion.uexp" 837
"../../../Engine/Plugins/Editor/SpeedTreeImporter/Content/SpeedTree9/SpeedTreeBranchMotion.uasset" 838
"../../../Engine/Plugins/Editor/SpeedTreeImporter/Content/SpeedTree9/SpeedTreeBranchMotion.uexp" 839
"../../../Engine/Plugins/Editor/SpeedTreeImporter/Content/SpeedTree9/SpeedTreeWind.uasset" 840
"../../../Engine/Plugins/Editor/SpeedTreeImporter/Content/SpeedTree9/SpeedTreeWind.uexp" 841
"../../../Engine/Plugins/Editor/SpeedTreeImporter/Content/SpeedTree9/EmptyNormal.uasset" 842
"../../../Engine/Plugins/Editor/SpeedTreeImporter/Content/SpeedTree9/EmptyNormal.uexp" 843
"../../../Engine/Plugins/Editor/SpeedTreeImporter/Content/SpeedTree9/Empty.uasset" 844
"../../../Engine/Plugins/Editor/SpeedTreeImporter/Content/SpeedTree9/Empty.uexp" 845
"../../../Engine/Plugins/Editor/SpeedTreeImporter/Content/SpeedTree9/SpeedTreeMaster.uasset" 846
"../../../Engine/Plugins/Editor/SpeedTreeImporter/Content/SpeedTree9/SpeedTreeMaster.uexp" 847
"../../../Engine/Plugins/Editor/SpeedTreeImporter/Content/SpeedTree9/SpeedTreeBillboard.uasset" 848
"../../../Engine/Plugins/Editor/SpeedTreeImporter/Content/SpeedTree9/SpeedTreeBillboard.uexp" 849
"../../../Engine/Plugins/Editor/SpeedTreeImporter/Content/SpeedTree9/SpeedTreeBillboardMaster.uasset" 850
"../../../Engine/Plugins/Editor/SpeedTreeImporter/Content/SpeedTree9/SpeedTreeBillboardMaster.uexp" 851
"../../../Engine/Plugins/Interchange/Runtime/Content/Pipelines/DefaultSceneAssetsPipeline.uasset" 852
"../../../Engine/Plugins/Interchange/Runtime/Content/Pipelines/DefaultSceneAssetsPipeline.uexp" 853
"../../../Engine/Plugins/Interchange/Runtime/Content/Pipelines/DefaultMaterialPipeline.uasset" 854
"../../../Engine/Plugins/Interchange/Runtime/Content/Pipelines/DefaultMaterialPipeline.uexp" 855
"../../../Engine/Content/Functions/Engine_MaterialFunctions02/Texturing/CustomRotator.uasset" 856
"../../../Engine/Content/Functions/Engine_MaterialFunctions02/Texturing/CustomRotator.uexp" 857
"../../../Engine/Content/Functions/Engine_MaterialFunctions02/Texturing/ScreenAlignedPixelToPixelUVs.uasset" 858
"../../../Engine/Content/Functions/Engine_MaterialFunctions02/Texturing/ScreenAlignedPixelToPixelUVs.uexp" 859
"../../../Engine/Plugins/Interchange/Runtime/Content/Utilities/T_Bayer64_Grayscale_64px.uasset" 860
"../../../Engine/Plugins/Interchange/Runtime/Content/Utilities/T_Bayer64_Grayscale_64px.uexp" 861
"../../../Engine/Plugins/Interchange/Runtime/Content/gltf/MaterialFunctions/MF_Temporal_Blur.uasset" 862
"../../../Engine/Plugins/Interchange/Runtime/Content/gltf/MaterialFunctions/MF_Temporal_Blur.uexp" 863
"../../../Engine/Plugins/Interchange/Runtime/Content/gltf/MaterialFunctions/MF_Fresnel_DS.uasset" 864
"../../../Engine/Plugins/Interchange/Runtime/Content/gltf/MaterialFunctions/MF_Fresnel_DS.uexp" 865
"../../../Engine/Plugins/Interchange/Runtime/Content/Functions/MX_Transmission.uasset" 866
"../../../Engine/Plugins/Interchange/Runtime/Content/Functions/MX_Transmission.uexp" 867
"../../../Engine/Plugins/Interchange/Runtime/Content/Functions/MX_StandardSurface.uasset" 868
"../../../Engine/Plugins/Interchange/Runtime/Content/Functions/MX_StandardSurface.uexp" 869
"../../../Engine/Plugins/Interchange/Runtime/Content/Functions/MX_TransmissionSurface.uasset" 870
"../../../Engine/Plugins/Interchange/Runtime/Content/Functions/MX_TransmissionSurface.uexp" 871
"../../../Engine/Content/Functions/Engine_MaterialFunctions02/Math/AddComponents.uasset" 872
"../../../Engine/Content/Functions/Engine_MaterialFunctions02/Math/AddComponents.uexp" 873
"../../../Engine/Content/Functions/Engine_MaterialFunctions02/WorldPositionOffset/V2/ObjectScale.uasset" 874
"../../../Engine/Content/Functions/Engine_MaterialFunctions02/WorldPositionOffset/V2/ObjectScale.uexp" 875
"../../../Engine/Plugins/Interchange/Runtime/Content/gltf/MaterialFunctions/MF_TransmissionOpacity.uasset" 876
"../../../Engine/Plugins/Interchange/Runtime/Content/gltf/MaterialFunctions/MF_TransmissionOpacity.uexp" 877
"../../../Engine/Plugins/Interchange/Runtime/Content/gltf/MaterialFunctions/MF_RotateV2.uasset" 878
"../../../Engine/Plugins/Interchange/Runtime/Content/gltf/MaterialFunctions/MF_RotateV2.uexp" 879
"../../../Engine/Plugins/Interchange/Runtime/Content/gltf/MaterialFunctions/MF_TransformUVs.uasset" 880
"../../../Engine/Plugins/Interchange/Runtime/Content/gltf/MaterialFunctions/MF_TransformUVs.uexp" 881
"../../../Engine/Plugins/Interchange/Runtime/Content/gltf/Textures/T_White_srgb.uasset" 882
"../../../Engine/Plugins/Interchange/Runtime/Content/gltf/Textures/T_White_srgb.uexp" 883
"../../../Engine/Plugins/Interchange/Runtime/Content/gltf/MaterialFunctions/MF_BaseColor.uasset" 884
"../../../Engine/Plugins/Interchange/Runtime/Content/gltf/MaterialFunctions/MF_BaseColor.uexp" 885
"../../../Engine/Plugins/Interchange/Runtime/Content/gltf/MaterialFunctions/MF_DiffuseSpecGloss.uasset" 886
"../../../Engine/Plugins/Interchange/Runtime/Content/gltf/MaterialFunctions/MF_DiffuseSpecGloss.uexp" 887
"../../../Engine/Plugins/Interchange/Runtime/Content/gltf/Textures/T_White_Linear.uasset" 888
"../../../Engine/Plugins/Interchange/Runtime/Content/gltf/Textures/T_White_Linear.uexp" 889
"../../../Engine/Plugins/Interchange/Runtime/Content/gltf/MaterialFunctions/MF_MetallicRoughness.uasset" 890
"../../../Engine/Plugins/Interchange/Runtime/Content/gltf/MaterialFunctions/MF_MetallicRoughness.uexp" 891
"../../../Engine/Plugins/Interchange/Runtime/Content/gltf/MaterialFunctions/MF_Transmission.uasset" 892
"../../../Engine/Plugins/Interchange/Runtime/Content/gltf/MaterialFunctions/MF_Transmission.uexp" 893
"../../../Engine/Plugins/Interchange/Runtime/Content/gltf/MaterialFunctions/MF_Occlusion.uasset" 894
"../../../Engine/Plugins/Interchange/Runtime/Content/gltf/MaterialFunctions/MF_Occlusion.uexp" 895
"../../../Engine/Plugins/Interchange/Runtime/Content/gltf/MaterialFunctions/MF_Specular.uasset" 896
"../../../Engine/Plugins/Interchange/Runtime/Content/gltf/MaterialFunctions/MF_Specular.uexp" 897
"../../../Engine/Plugins/Interchange/Runtime/Content/gltf/MaterialFunctions/MF_IOR.uasset" 898
"../../../Engine/Plugins/Interchange/Runtime/Content/gltf/MaterialFunctions/MF_IOR.uexp" 899
"../../../Engine/Content/Functions/Engine_MaterialFunctions01/Texturing/FlattenNormal.uasset" 900
"../../../Engine/Content/Functions/Engine_MaterialFunctions01/Texturing/FlattenNormal.uexp" 901
"../../../Engine/Content/Functions/Engine_MaterialFunctions02/Math/Transform3x3Matrix.uasset" 902
"../../../Engine/Content/Functions/Engine_MaterialFunctions02/Math/Transform3x3Matrix.uexp" 903
"../../../Engine/Plugins/Interchange/Runtime/Content/gltf/MaterialFunctions/MF_RotateNormals_TS.uasset" 904
"../../../Engine/Plugins/Interchange/Runtime/Content/gltf/MaterialFunctions/MF_RotateNormals_TS.uexp" 905
"../../../Engine/Plugins/Interchange/Runtime/Content/gltf/Textures/T_Generic_N.uasset" 906
"../../../Engine/Plugins/Interchange/Runtime/Content/gltf/Textures/T_Generic_N.uexp" 907
"../../../Engine/Plugins/Interchange/Runtime/Content/gltf/MaterialFunctions/MF_Normals.uasset" 908
"../../../Engine/Plugins/Interchange/Runtime/Content/gltf/MaterialFunctions/MF_Normals.uexp" 909
"../../../Engine/Plugins/Interchange/Runtime/Content/gltf/MaterialFunctions/MF_PerceivedBrightness.uasset" 910
"../../../Engine/Plugins/Interchange/Runtime/Content/gltf/MaterialFunctions/MF_PerceivedBrightness.uexp" 911
"../../../Engine/Plugins/Interchange/Runtime/Content/gltf/MaterialFunctions/MF_SpecGlossToMetalRoughness.uasset" 912
"../../../Engine/Plugins/Interchange/Runtime/Content/gltf/MaterialFunctions/MF_SpecGlossToMetalRoughness.uexp" 913
"../../../Engine/Plugins/Interchange/Runtime/Content/gltf/M_Transmission.uasset" 914
"../../../Engine/Plugins/Interchange/Runtime/Content/gltf/M_Transmission.uexp" 915
"../../../Engine/Plugins/Interchange/Runtime/Content/gltf/MaterialInstances_MR/MI_Transmission_TS.uasset" 916
"../../../Engine/Plugins/Interchange/Runtime/Content/gltf/MaterialInstances_MR/MI_Transmission_TS.uexp" 917
"../../../Engine/Plugins/Interchange/Runtime/Content/gltf/MaterialInstances_MR/MI_Transmission.uasset" 918
"../../../Engine/Plugins/Interchange/Runtime/Content/gltf/MaterialInstances_MR/MI_Transmission.uexp" 919
"../../../Engine/Plugins/Interchange/Runtime/Content/gltf/MaterialFunctions/MF_Clearcoat.uasset" 920
"../../../Engine/Plugins/Interchange/Runtime/Content/gltf/MaterialFunctions/MF_Clearcoat.uexp" 921
"../../../Engine/Plugins/Interchange/Runtime/Content/gltf/MaterialFunctions/MF_Emissive.uasset" 922
"../../../Engine/Plugins/Interchange/Runtime/Content/gltf/MaterialFunctions/MF_Emissive.uexp" 923
"../../../Engine/Plugins/Interchange/Runtime/Content/gltf/M_Translucent.uasset" 924
"../../../Engine/Plugins/Interchange/Runtime/Content/gltf/M_Translucent.uexp" 925
"../../../Engine/Plugins/Interchange/Runtime/Content/gltf/MaterialInstances_MR/MI_Translucent_TS.uasset" 926
"../../../Engine/Plugins/Interchange/Runtime/Content/gltf/MaterialInstances_MR/MI_Translucent_TS.uexp" 927
"../../../Engine/Plugins/Interchange/Runtime/Content/gltf/MaterialInstances_MR/MI_Translucent_ClearCoat_TS.uasset" 928
"../../../Engine/Plugins/Interchange/Runtime/Content/gltf/MaterialInstances_MR/MI_Translucent_ClearCoat_TS.uexp" 929
"../../../Engine/Plugins/Interchange/Runtime/Content/gltf/MaterialInstances_MR/MI_Translucent_ClearCoat.uasset" 930
"../../../Engine/Plugins/Interchange/Runtime/Content/gltf/MaterialInstances_MR/MI_Translucent_ClearCoat.uexp" 931
"../../../Engine/Plugins/Interchange/Runtime/Content/gltf/MaterialInstances_MR/MI_Translucent.uasset" 932
"../../../Engine/Plugins/Interchange/Runtime/Content/gltf/MaterialInstances_MR/MI_Translucent.uexp" 933
"../../../Engine/Plugins/Interchange/Runtime/Content/gltf/M_Unlit.uasset" 934
"../../../Engine/Plugins/Interchange/Runtime/Content/gltf/M_Unlit.uexp" 935
"../../../Engine/Plugins/Interchange/Runtime/Content/gltf/MaterialInstances_MR/MI_Opaque_Unlit_TS.uasset" 936
"../../../Engine/Plugins/Interchange/Runtime/Content/gltf/MaterialInstances_MR/MI_Opaque_Unlit_TS.uexp" 937
"../../../Engine/Plugins/Interchange/Runtime/Content/gltf/MaterialInstances_MR/MI_Opaque_Unlit.uasset" 938
"../../../Engine/Plugins/Interchange/Runtime/Content/gltf/MaterialInstances_MR/MI_Opaque_Unlit.uexp" 939
"../../../Engine/Plugins/Interchange/Runtime/Content/gltf/M_Opaque.uasset" 940
"../../../Engine/Plugins/Interchange/Runtime/Content/gltf/M_Opaque.uexp" 941
"../../../Engine/Plugins/Interchange/Runtime/Content/gltf/MaterialInstances_MR/MI_Opaque_TS.uasset" 942
"../../../Engine/Plugins/Interchange/Runtime/Content/gltf/MaterialInstances_MR/MI_Opaque_TS.uexp" 943
"../../../Engine/Plugins/Interchange/Runtime/Content/gltf/MaterialFunctions/MF_Sheen.uasset" 944
"../../../Engine/Plugins/Interchange/Runtime/Content/gltf/MaterialFunctions/MF_Sheen.uexp" 945
"../../../Engine/Content/Functions/Engine_MaterialFunctions01/Shading/FuzzyShading.uasset" 946
"../../../Engine/Content/Functions/Engine_MaterialFunctions01/Shading/FuzzyShading.uexp" 947
"../../../Engine/Plugins/Interchange/Runtime/Content/gltf/M_Sheen.uasset" 948
"../../../Engine/Plugins/Interchange/Runtime/Content/gltf/M_Sheen.uexp" 949
"../../../Engine/Plugins/Interchange/Runtime/Content/gltf/MaterialInstances_MR/MI_Opaque_Sheen_TS.uasset" 950
"../../../Engine/Plugins/Interchange/Runtime/Content/gltf/MaterialInstances_MR/MI_Opaque_Sheen_TS.uexp" 951
"../../../Engine/Plugins/Interchange/Runtime/Content/gltf/MaterialInstances_MR/MI_Opaque_Sheen.uasset" 952
"../../../Engine/Plugins/Interchange/Runtime/Content/gltf/MaterialInstances_MR/MI_Opaque_Sheen.uexp" 953
"../../../Engine/Plugins/Interchange/Runtime/Content/gltf/MaterialInstances_MR/MI_Opaque_ClearCoat_TS.uasset" 954
"../../../Engine/Plugins/Interchange/Runtime/Content/gltf/MaterialInstances_MR/MI_Opaque_ClearCoat_TS.uexp" 955
"../../../Engine/Plugins/Interchange/Runtime/Content/gltf/MaterialInstances_MR/MI_Opaque_ClearCoat.uasset" 956
"../../../Engine/Plugins/Interchange/Runtime/Content/gltf/MaterialInstances_MR/MI_Opaque_ClearCoat.uexp" 957
"../../../Engine/Plugins/Interchange/Runtime/Content/gltf/MaterialInstances_MR/MI_Opaque.uasset" 958
"../../../Engine/Plugins/Interchange/Runtime/Content/gltf/MaterialInstances_MR/MI_Opaque.uexp" 959
"../../../Engine/Plugins/Interchange/Runtime/Content/gltf/MaterialInstances_SG/MI_Transmission_TS.uasset" 960
"../../../Engine/Plugins/Interchange/Runtime/Content/gltf/MaterialInstances_SG/MI_Transmission_TS.uexp" 961
"../../../Engine/Plugins/Interchange/Runtime/Content/gltf/MaterialInstances_SG/MI_Transmission.uasset" 962
"../../../Engine/Plugins/Interchange/Runtime/Content/gltf/MaterialInstances_SG/MI_Transmission.uexp" 963
"../../../Engine/Plugins/Interchange/Runtime/Content/gltf/MaterialInstances_SG/MI_Translucent_TS.uasset" 964
"../../../Engine/Plugins/Interchange/Runtime/Content/gltf/MaterialInstances_SG/MI_Translucent_TS.uexp" 965
"../../../Engine/Plugins/Interchange/Runtime/Content/gltf/MaterialInstances_SG/MI_Translucent_ClearCoat_TS.uasset" 966
"../../../Engine/Plugins/Interchange/Runtime/Content/gltf/MaterialInstances_SG/MI_Translucent_ClearCoat_TS.uexp" 967
"../../../Engine/Plugins/Interchange/Runtime/Content/gltf/MaterialInstances_SG/MI_Translucent_ClearCoat.uasset" 968
"../../../Engine/Plugins/Interchange/Runtime/Content/gltf/MaterialInstances_SG/MI_Translucent_ClearCoat.uexp" 969
"../../../Engine/Plugins/Interchange/Runtime/Content/gltf/MaterialInstances_SG/MI_Translucent.uasset" 970
"../../../Engine/Plugins/Interchange/Runtime/Content/gltf/MaterialInstances_SG/MI_Translucent.uexp" 971
"../../../Engine/Plugins/Interchange/Runtime/Content/gltf/MaterialInstances_SG/MI_Opaque_TS.uasset" 972
"../../../Engine/Plugins/Interchange/Runtime/Content/gltf/MaterialInstances_SG/MI_Opaque_TS.uexp" 973
"../../../Engine/Plugins/Interchange/Runtime/Content/gltf/MaterialInstances_SG/MI_Opaque_Sheen_TS.uasset" 974
"../../../Engine/Plugins/Interchange/Runtime/Content/gltf/MaterialInstances_SG/MI_Opaque_Sheen_TS.uexp" 975
"../../../Engine/Plugins/Interchange/Runtime/Content/gltf/MaterialInstances_SG/MI_Opaque_Sheen.uasset" 976
"../../../Engine/Plugins/Interchange/Runtime/Content/gltf/MaterialInstances_SG/MI_Opaque_Sheen.uexp" 977
"../../../Engine/Plugins/Interchange/Runtime/Content/gltf/MaterialInstances_SG/MI_Opaque_ClearCoat_TS.uasset" 978
"../../../Engine/Plugins/Interchange/Runtime/Content/gltf/MaterialInstances_SG/MI_Opaque_ClearCoat_TS.uexp" 979
"../../../Engine/Plugins/Interchange/Runtime/Content/gltf/MaterialInstances_SG/MI_Opaque_ClearCoat.uasset" 980
"../../../Engine/Plugins/Interchange/Runtime/Content/gltf/MaterialInstances_SG/MI_Opaque_ClearCoat.uexp" 981
"../../../Engine/Plugins/Interchange/Runtime/Content/gltf/MaterialInstances_SG/MI_Opaque.uasset" 982
"../../../Engine/Plugins/Interchange/Runtime/Content/gltf/MaterialInstances_SG/MI_Opaque.uexp" 983
"C:/Users/pasca/Documents/Unreal Projects/GamejamTeam22/Content/Sounds/ES_Calm_Morning_-_Bireli_Snow.ubulk" 984
"C:/Users/pasca/Documents/Unreal Projects/GamejamTeam22/Content/Sounds/ES_Calm_Morning_-_Bireli_Snow.uasset" 985
"C:/Users/pasca/Documents/Unreal Projects/GamejamTeam22/Content/Sounds/ES_Calm_Morning_-_Bireli_Snow.uexp" 986
"C:/Users/pasca/Documents/Unreal Projects/GamejamTeam22/Content/Materials/Textures/UIICons/buch.uasset" 987
"C:/Users/pasca/Documents/Unreal Projects/GamejamTeam22/Content/Materials/Textures/UIICons/buch.uexp" 988
"C:/Users/pasca/Documents/Unreal Projects/GamejamTeam22/Content/Materials/Textures/UIICons/titel.uasset" 989
"C:/Users/pasca/Documents/Unreal Projects/GamejamTeam22/Content/Materials/Textures/UIICons/titel.uexp" 990
"C:/Users/pasca/Documents/Unreal Projects/GamejamTeam22/Content/Materials/Textures/UIICons/postnote2.uasset" 991
"C:/Users/pasca/Documents/Unreal Projects/GamejamTeam22/Content/Materials/Textures/UIICons/postnote2.uexp" 992
"C:/Users/pasca/Documents/Unreal Projects/GamejamTeam22/Content/Materials/Textures/UIICons/postnote3.uasset" 993
"C:/Users/pasca/Documents/Unreal Projects/GamejamTeam22/Content/Materials/Textures/UIICons/postnote3.uexp" 994
"C:/Users/pasca/Documents/Unreal Projects/GamejamTeam22/Content/Materials/Textures/UIICons/postnote1_ver2.uasset" 995
"C:/Users/pasca/Documents/Unreal Projects/GamejamTeam22/Content/Materials/Textures/UIICons/postnote1_ver2.uexp" 996
"C:/Users/pasca/Documents/Unreal Projects/GamejamTeam22/Content/UI/WBP_MainMenu.uasset" 997
"C:/Users/pasca/Documents/Unreal Projects/GamejamTeam22/Content/UI/WBP_MainMenu.uexp" 998
"C:/Users/pasca/Documents/Unreal Projects/GamejamTeam22/Content/Blueprints/GM_MainMenu.uasset" 999
"C:/Users/pasca/Documents/Unreal Projects/GamejamTeam22/Content/Blueprints/GM_MainMenu.uexp" 1000
"C:/Users/pasca/Documents/Unreal Projects/GamejamTeam22/Content/Levels/MainMenu.uexp" 1001
"C:/Users/pasca/Documents/Unreal Projects/GamejamTeam22/Content/Levels/MainMenu.umap" 1002
"../../../Engine/Content/Maps/Templates/HLODs/HLODLayer_Instanced.uasset" 1003
"../../../Engine/Content/Maps/Templates/HLODs/HLODLayer_Instanced.uexp" 1004
"C:/Users/pasca/Documents/Unreal Projects/GamejamTeam22/Content/ThirdPerson/Blueprints/BP_ThirdPersonGameMode.uasset" 1005
"C:/Users/pasca/Documents/Unreal Projects/GamejamTeam22/Content/ThirdPerson/Blueprints/BP_ThirdPersonGameMode.uexp" 1006
"C:/Users/pasca/Documents/Unreal Projects/GamejamTeam22/Content/ThirdPerson/Maps/ThirdPersonMap.uexp" 1007
"C:/Users/pasca/Documents/Unreal Projects/GamejamTeam22/Content/ThirdPerson/Maps/ThirdPersonMap.umap" 1008
"../../../Engine/Content/Maps/Entry_BuiltData.uasset" 1009
"../../../Engine/Content/Maps/Entry_BuiltData.uexp" 1010
"../../../Engine/Content/Maps/Entry.uexp" 1011
"../../../Engine/Content/Maps/Entry.umap" 1012
